{"synthetic": false,
 "schemaVersion": "2025-09-10",
 "outputs":
 {"o": ["2613853f538799ed.olean"],
  "i": "eaebaeca24187c0b.ilean",
  "c": "139b4ab3adc41041.c"},
 "log":
 [{"message":
   ".> LEAN_PATH=/Users/austinanderson/GitHub/MyLean4Code/VTlean/.lake/packages/Cli/.lake/build/lib/lean:/Users/austinanderson/GitHub/MyLean4Code/VTlean/.lake/packages/batteries/.lake/build/lib/lean:/Users/austinanderson/GitHub/MyLean4Code/VTlean/.lake/packages/Qq/.lake/build/lib/lean:/Users/austinanderson/GitHub/MyLean4Code/VTlean/.lake/packages/aesop/.lake/build/lib/lean:/Users/austinanderson/GitHub/MyLean4Code/VTlean/.lake/packages/proofwidgets/.lake/build/lib/lean:/Users/austinanderson/GitHub/MyLean4Code/VTlean/.lake/packages/importGraph/.lake/build/lib/lean:/Users/austinanderson/GitHub/MyLean4Code/VTlean/.lake/packages/LeanSearchClient/.lake/build/lib/lean:/Users/austinanderson/GitHub/MyLean4Code/VTlean/.lake/packages/plausible/.lake/build/lib/lean:/Users/austinanderson/GitHub/MyLean4Code/VTlean/.lake/packages/mathlib/.lake/build/lib/lean:/Users/austinanderson/GitHub/MyLean4Code/VTlean/.lake/build/lib/lean /Users/austinanderson/.elan/toolchains/leanprover--lean4---v4.29.1/bin/lean /Users/austinanderson/GitHub/MyLean4Code/VTlean/VTlean/Cuculiere.lean -o /Users/austinanderson/GitHub/MyLean4Code/VTlean/.lake/build/lib/lean/VTlean/Cuculiere.olean -i /Users/austinanderson/GitHub/MyLean4Code/VTlean/.lake/build/lib/lean/VTlean/Cuculiere.ilean -c /Users/austinanderson/GitHub/MyLean4Code/VTlean/.lake/build/ir/VTlean/Cuculiere.c --setup /Users/austinanderson/GitHub/MyLean4Code/VTlean/.lake/build/ir/VTlean/Cuculiere.setup.json --json",
   "level": "trace"},
  {"message": "VTlean/Cuculiere.lean:200:6: declaration uses `sorry`",
   "level": "warning"},
  {"message":
   "VTlean/Cuculiere.lean:244:0: Please, write a comment here or remove this line, but do not place empty lines within commands!\nContext:\n            ↓\n  ⏎  rw [h1]⏎⏎  -- Step 2: Distribute the sum over addition⏎\n\nNote: This linter can be disabled with `set_option linter.style.emptyLine false`",
   "level": "warning"},
  {"message":
   "VTlean/Cuculiere.lean:247:0: Please, write a comment here or remove this line, but do not place empty lines within commands!\nContext:\n                         ↓\n  ⏎  rw [sum_add_distrib]⏎⏎  -- Step 3: The first half of the sum reduces to the sum over the n domain,⏎\n\nNote: This linter can be disabled with `set_option linter.style.emptyLine false`",
   "level": "warning"},
  {"message":
   "VTlean/Cuculiere.lean:276:0: Please, write a comment here or remove this line, but do not place empty lines within commands!\nContext:\n            ↓\n  ⏎  rw [h2]⏎⏎  -- Step 4: The second half of the sum evaluates to the shifted a residue class.⏎\n\nNote: This linter can be disabled with `set_option linter.style.emptyLine false`",
   "level": "warning"},
  {"message":
   "VTlean/Cuculiere.lean:298:0: Please, write a comment here or remove this line, but do not place empty lines within commands!\nContext:\n                        ↓\n  ⏎    rw [← sum_filter]⏎⏎    apply sum_bij (fun c _ => c - (n + 1))⏎\n\nNote: This linter can be disabled with `set_option linter.style.emptyLine false`",
   "level": "warning"},
  {"message":
   "VTlean/Cuculiere.lean:234:100: This line exceeds the 100 character limit, please shorten it!\n\nNote: This linter can be disabled with `set_option linter.style.longLine false`",
   "level": "warning"},
  {"message":
   "VTlean/Cuculiere.lean:237:100: This line exceeds the 100 character limit, please shorten it!\n\nNote: This linter can be disabled with `set_option linter.style.longLine false`",
   "level": "warning"},
  {"message":
   "VTlean/Cuculiere.lean:238:100: This line exceeds the 100 character limit, please shorten it!\n\nNote: This linter can be disabled with `set_option linter.style.longLine false`",
   "level": "warning"},
  {"message":
   "VTlean/Cuculiere.lean:250:100: This line exceeds the 100 character limit, please shorten it!\n\nNote: This linter can be disabled with `set_option linter.style.longLine false`",
   "level": "warning"},
  {"message":
   "VTlean/Cuculiere.lean:251:100: This line exceeds the 100 character limit, please shorten it!\n\nNote: This linter can be disabled with `set_option linter.style.longLine false`",
   "level": "warning"},
  {"message":
   "VTlean/Cuculiere.lean:267:100: This line exceeds the 100 character limit, please shorten it!\n\nNote: This linter can be disabled with `set_option linter.style.longLine false`",
   "level": "warning"},
  {"message":
   "VTlean/Cuculiere.lean:280:100: This line exceeds the 100 character limit, please shorten it!\n\nNote: This linter can be disabled with `set_option linter.style.longLine false`",
   "level": "warning"},
  {"message":
   "VTlean/Cuculiere.lean:282:100: This line exceeds the 100 character limit, please shorten it!\n\nNote: This linter can be disabled with `set_option linter.style.longLine false`",
   "level": "warning"},
  {"message":
   "VTlean/Cuculiere.lean:290:100: This line exceeds the 100 character limit, please shorten it!\n\nNote: This linter can be disabled with `set_option linter.style.longLine false`",
   "level": "warning"},
  {"message":
   "VTlean/Cuculiere.lean:291:100: This line exceeds the 100 character limit, please shorten it!\n\nNote: This linter can be disabled with `set_option linter.style.longLine false`",
   "level": "warning"},
  {"message":
   "VTlean/Cuculiere.lean:355:100: This line exceeds the 100 character limit, please shorten it!\n\nNote: This linter can be disabled with `set_option linter.style.longLine false`",
   "level": "warning"},
  {"message":
   "VTlean/Cuculiere.lean:356:100: This line exceeds the 100 character limit, please shorten it!\n\nNote: This linter can be disabled with `set_option linter.style.longLine false`",
   "level": "warning"},
  {"message":
   "VTlean/Cuculiere.lean:357:100: This line exceeds the 100 character limit, please shorten it!\n\nNote: This linter can be disabled with `set_option linter.style.longLine false`",
   "level": "warning"},
  {"message":
   "VTlean/Cuculiere.lean:373:100: This line exceeds the 100 character limit, please shorten it!\n\nNote: This linter can be disabled with `set_option linter.style.longLine false`",
   "level": "warning"},
  {"message":
   "VTlean/Cuculiere.lean:387:4: 'simp [h]' is a flexible tactic modifying '⊢'. Try 'simp?' and use the suggested 'simp only [...]'. Alternatively, use `suffices` to explicitly state the simplified form.\n\nNote: This linter can be disabled with `set_option linter.flexible false`",
   "level": "warning"},
  {"message":
   "VTlean/Cuculiere.lean:387:4: Try this:\n  [apply] simp only [lt_add_iff_pos_left, Order.lt_add_one_iff, _root_.zero_le, ↓reduceIte, add_zero]",
   "level": "info"},
  {"message": "VTlean/Cuculiere.lean:388:4: 'exact ih' uses '⊢'!",
   "level": "info"},
  {"message": "VTlean/Cuculiere.lean:403:6: declaration uses `sorry`",
   "level": "warning"},
  {"message":
   "VTlean/Cuculiere.lean:402:100: This line exceeds the 100 character limit, please shorten it!\n\nNote: This linter can be disabled with `set_option linter.style.longLine false`",
   "level": "warning"},
  {"message": "VTlean/Cuculiere.lean:678:0: [1, 1, 1, 2, 1, 1, 1]",
   "level": "info"},
  {"message": "VTlean/Cuculiere.lean:681:0: [1, 1, 1, 2, 2, 2, 2, 2, 1, 1, 1]",
   "level": "info"}],
 "inputs":
 [["VTlean.Cuculiere:deps",
   [["deps",
     [["VTlean/VTlean:extraDep", [["@VTlean:extraDep", "00000000000006bb"]]],
      ["imports",
       [["Mathlib transitive imports (legacy)", "bf567ce5aae7f8c3"],
        ["Mathlib:importAllArts", "1f979cbc8a135c61"],
        ["VTlean.VTCode transitive imports (legacy)", "968f05b1c85a7aef"],
        ["VTlean.VTCode:importAllArts", "c87f611f058c5a0d"]]]]],
    ["libs",
     [["import dynlibs", "00000000000006bb"],
      ["package external libraries", "00000000000006bb"],
      ["module dynlibs", "00000000000006bb"],
      ["module plugins", "00000000000006bb"]]]]],
  ["Lean 4.29.1, commit f72c35b3f637c8c6571d353742168ab66cc22c00",
   "fa77a35a41db35c0"],
  ["/Users/austinanderson/GitHub/MyLean4Code/VTlean/VTlean/Cuculiere.lean",
   "a2aa4bc5ba1e6fae"],
  ["options",
   [["-DmaxSynthPendingDepth=3", "c78e353d34de85d4"],
    ["-Dweak.linter.mathlibStandardSet=true", "8a155799906f2b42"],
    ["-DrelaxedAutoImplicit=false", "74a2b5546b55be80"],
    ["-Dpp.unicode.fun=true", "9b94070140457fab"]]],
  ["isModule: false", "feefd2a0d3a1847e"],
  ["Module.name: VTlean.Cuculiere", "db960e5489a46051"],
  ["Package.id?: (some VTlean)", "75d4fb52343132bb"],
  ["Module.leanArgs: #[]", "00000000000006bb"]],
 "depHash": "987236b922d48588"}