{"synthetic": false,
 "schemaVersion": "2025-09-10",
 "outputs":
 {"o": ["cdcd12ab29c51056.olean"],
  "i": "102f3592c3f45b1a.ilean",
  "c": "db52c8f1ce40fc89.c"},
 "log":
 [{"message":
   ".> LEAN_PATH=/Users/austinanderson/GitHub/MyLean4Code/VTlean/.lake/packages/Cli/.lake/build/lib/lean:/Users/austinanderson/GitHub/MyLean4Code/VTlean/.lake/packages/batteries/.lake/build/lib/lean:/Users/austinanderson/GitHub/MyLean4Code/VTlean/.lake/packages/Qq/.lake/build/lib/lean:/Users/austinanderson/GitHub/MyLean4Code/VTlean/.lake/packages/aesop/.lake/build/lib/lean:/Users/austinanderson/GitHub/MyLean4Code/VTlean/.lake/packages/proofwidgets/.lake/build/lib/lean:/Users/austinanderson/GitHub/MyLean4Code/VTlean/.lake/packages/importGraph/.lake/build/lib/lean:/Users/austinanderson/GitHub/MyLean4Code/VTlean/.lake/packages/LeanSearchClient/.lake/build/lib/lean:/Users/austinanderson/GitHub/MyLean4Code/VTlean/.lake/packages/plausible/.lake/build/lib/lean:/Users/austinanderson/GitHub/MyLean4Code/VTlean/.lake/packages/mathlib/.lake/build/lib/lean:/Users/austinanderson/GitHub/MyLean4Code/VTlean/.lake/build/lib/lean /Users/austinanderson/.elan/toolchains/leanprover--lean4---v4.29.1/bin/lean /Users/austinanderson/GitHub/MyLean4Code/VTlean/VTlean/DelCode.lean -o /Users/austinanderson/GitHub/MyLean4Code/VTlean/.lake/build/lib/lean/VTlean/DelCode.olean -i /Users/austinanderson/GitHub/MyLean4Code/VTlean/.lake/build/lib/lean/VTlean/DelCode.ilean -c /Users/austinanderson/GitHub/MyLean4Code/VTlean/.lake/build/ir/VTlean/DelCode.c --setup /Users/austinanderson/GitHub/MyLean4Code/VTlean/.lake/build/ir/VTlean/DelCode.setup.json --json",
   "level": "trace"},
  {"message":
   "VTlean/DelCode.lean:73:53: missing space in the source\n\nThis part of the code\n  '∅):\n  is_DelCode'\nshould be written as\n  '∅) : is_DelCode'\n\n\nNote: This linter can be disabled with `set_option linter.style.whitespace false`",
   "level": "warning"},
  {"message":
   "VTlean/DelCode.lean:218:100: This line exceeds the 100 character limit, please shorten it!\n\nNote: This linter can be disabled with `set_option linter.style.longLine false`",
   "level": "warning"},
  {"message":
   "VTlean/DelCode.lean:244:100: This line exceeds the 100 character limit, please shorten it!\n\nNote: This linter can be disabled with `set_option linter.style.longLine false`",
   "level": "warning"},
  {"message":
   "VTlean/DelCode.lean:252:100: This line exceeds the 100 character limit, please shorten it!\n\nNote: This linter can be disabled with `set_option linter.style.longLine false`",
   "level": "warning"},
  {"message":
   "VTlean/DelCode.lean:283:100: This line exceeds the 100 character limit, please shorten it!\n\nNote: This linter can be disabled with `set_option linter.style.longLine false`",
   "level": "warning"},
  {"message":
   "VTlean/DelCode.lean:289:100: This line exceeds the 100 character limit, please shorten it!\n\nNote: This linter can be disabled with `set_option linter.style.longLine false`",
   "level": "warning"},
  {"message":
   "VTlean/DelCode.lean:347:100: This line exceeds the 100 character limit, please shorten it!\n\nNote: This linter can be disabled with `set_option linter.style.longLine false`",
   "level": "warning"},
  {"message":
   "VTlean/DelCode.lean:354:100: This line exceeds the 100 character limit, please shorten it!\n\nNote: This linter can be disabled with `set_option linter.style.longLine false`",
   "level": "warning"},
  {"message":
   "VTlean/DelCode.lean:367:100: This line exceeds the 100 character limit, please shorten it!\n\nNote: This linter can be disabled with `set_option linter.style.longLine false`",
   "level": "warning"},
  {"message":
   "VTlean/DelCode.lean:363:65: missing space in the source\n\nThis part of the code\n  '∅):\n  is_DelCode''\nshould be written as\n  '∅) :\n '\n\n\nNote: This linter can be disabled with `set_option linter.style.whitespace false`",
   "level": "warning"},
  {"message":
   "VTlean/DelCode.lean:591:100: This line exceeds the 100 character limit, please shorten it!\n\nNote: This linter can be disabled with `set_option linter.style.longLine false`",
   "level": "warning"},
  {"message":
   "VTlean/DelCode.lean:673:6: extra space in the source\n\nThis part of the code\n  'lemma  union_dS_wt_insert'\nshould be written as\n  'lemma union_dS_wt_insert'\n\n\nNote: This linter can be disabled with `set_option linter.style.whitespace false`",
   "level": "warning"},
  {"message":
   "VTlean/DelCode.lean:674:77: missing space in the source\n\nThis part of the code\n  'C):\n  union_dS_wt'\nshould be written as\n  'C) :\n '\n\n\nNote: This linter can be disabled with `set_option linter.style.whitespace false`",
   "level": "warning"},
  {"message":
   "VTlean/DelCode.lean:681:42: missing space in the source\n\nThis part of the code\n  'Nat):\n  union_dS_wt'\nshould be written as\n  'Nat) : union_dS_wt'\n\n\nNote: This linter can be disabled with `set_option linter.style.whitespace false`",
   "level": "warning"},
  {"message":
   "VTlean/DelCode.lean:697:46: missing space in the source\n\nThis part of the code\n  'Nat):\n  union_dS_wt'\nshould be written as\n  'Nat) :\n '\n\n\nNote: This linter can be disabled with `set_option linter.style.whitespace false`",
   "level": "warning"},
  {"message":
   "VTlean/DelCode.lean:744:63: extra space in the source\n\nThis part of the code\n  'Nat)  :\n '\nshould be written as\n  'Nat) : Cwr'\n\n\nNote: This linter can be disabled with `set_option linter.style.whitespace false`",
   "level": "warning"},
  {"message":
   "VTlean/DelCode.lean:767:29: extra space in the source\n\nThis part of the code\n  'r)  :\n '\nshould be written as\n  'r) :\n  '\n\n\nNote: This linter can be disabled with `set_option linter.style.whitespace false`",
   "level": "warning"},
  {"message":
   "VTlean/DelCode.lean:773:61: missing space in the source\n\nThis part of the code\n  'r₂: ℕ)'\nshould be written as\n  'r₂ : ℕ)'\n\n\nNote: This linter can be disabled with `set_option linter.style.whitespace false`",
   "level": "warning"},
  {"message":
   "VTlean/DelCode.lean:773:80: missing space in the source\n\nThis part of the code\n  'r₂):\n  Cwr'\nshould be written as\n  'r₂) : Cwr'\n\n\nNote: This linter can be disabled with `set_option linter.style.whitespace false`",
   "level": "warning"},
  {"message":
   "VTlean/DelCode.lean:795:100: This line exceeds the 100 character limit, please shorten it!\n\nNote: This linter can be disabled with `set_option linter.style.longLine false`",
   "level": "warning"},
  {"message":
   "VTlean/DelCode.lean:848:66: missing space in the source\n\nThis part of the code\n  'Nat):\n  mul_card_dS_wt'\nshould be written as\n  'Nat) : mul_card_dS_wt'\n\n\nNote: This linter can be disabled with `set_option linter.style.whitespace false`",
   "level": "warning"},
  {"message": "VTlean/DelCode.lean:973:6: declaration uses `sorry`",
   "level": "warning"},
  {"message":
   "VTlean/DelCode.lean:973:60: missing space in the source\n\nThis part of the code\n  'Nat):\n  Cwr_le'\nshould be written as\n  'Nat) : Cwr_le'\n\n\nNote: This linter can be disabled with `set_option linter.style.whitespace false`",
   "level": "warning"},
  {"message": "VTlean/DelCode.lean:986:6: declaration uses `sorry`",
   "level": "warning"},
  {"message": "VTlean/DelCode.lean:989:6: declaration uses `sorry`",
   "level": "warning"},
  {"message":
   "VTlean/DelCode.lean:989:69: missing space in the source\n\nThis part of the code\n  'Nat):\n  mul_card_dS_wt_le'\nshould be written as\n  'Nat) : mul_card_dS_wt_le'\n\n\nNote: This linter can be disabled with `set_option linter.style.whitespace false`",
   "level": "warning"},
  {"message": "VTlean/DelCode.lean:992:6: declaration uses `sorry`",
   "level": "warning"},
  {"message": "VTlean/DelCode.lean:997:6: declaration uses `sorry`",
   "level": "warning"},
  {"message": "VTlean/DelCode.lean:1003:6: declaration uses `sorry`",
   "level": "warning"},
  {"message": "VTlean/DelCode.lean:1007:6: declaration uses `sorry`",
   "level": "warning"},
  {"message": "VTlean/DelCode.lean:1011:6: declaration uses `sorry`",
   "level": "warning"},
  {"message": "VTlean/DelCode.lean:1015:6: declaration uses `sorry`",
   "level": "warning"},
  {"message": "VTlean/DelCode.lean:1019:6: declaration uses `sorry`",
   "level": "warning"},
  {"message": "VTlean/DelCode.lean:1026:6: declaration uses `sorry`",
   "level": "warning"},
  {"message": "VTlean/DelCode.lean:1029:6: declaration uses `sorry`",
   "level": "warning"},
  {"message": "VTlean/DelCode.lean:1032:6: declaration uses `sorry`",
   "level": "warning"},
  {"message": "VTlean/DelCode.lean:1037:6: declaration uses `sorry`",
   "level": "warning"},
  {"message": "VTlean/DelCode.lean:1042:6: declaration uses `sorry`",
   "level": "warning"},
  {"message": "VTlean/DelCode.lean:1046:6: declaration uses `sorry`",
   "level": "warning"},
  {"message":
   "VTlean/DelCode.lean:1047:63: extra space in the source\n\nThis part of the code\n  'Nat)  :\n '\nshould be written as\n  'Nat) :\n  '\n\n\nNote: This linter can be disabled with `set_option linter.style.whitespace false`",
   "level": "warning"},
  {"message": "VTlean/DelCode.lean:1050:6: declaration uses `sorry`",
   "level": "warning"},
  {"message": "VTlean/DelCode.lean:1053:6: declaration uses `sorry`",
   "level": "warning"},
  {"message": "VTlean/DelCode.lean:1057:6: declaration uses `sorry`",
   "level": "warning"},
  {"message": "VTlean/DelCode.lean:1061:6: declaration uses `sorry`",
   "level": "warning"},
  {"message": "VTlean/DelCode.lean:1065:6: declaration uses `sorry`",
   "level": "warning"},
  {"message": "VTlean/DelCode.lean:1068:6: declaration uses `sorry`",
   "level": "warning"},
  {"message": "VTlean/DelCode.lean:1071:6: declaration uses `sorry`",
   "level": "warning"},
  {"message": "VTlean/DelCode.lean:1074:6: declaration uses `sorry`",
   "level": "warning"},
  {"message": "VTlean/DelCode.lean:1080:6: declaration uses `sorry`",
   "level": "warning"},
  {"message": "VTlean/DelCode.lean:1083:6: declaration uses `sorry`",
   "level": "warning"},
  {"message": "VTlean/DelCode.lean:1086:6: declaration uses `sorry`",
   "level": "warning"},
  {"message": "VTlean/DelCode.lean:1091:6: declaration uses `sorry`",
   "level": "warning"},
  {"message": "VTlean/DelCode.lean:1097:6: declaration uses `sorry`",
   "level": "warning"},
  {"message": "VTlean/DelCode.lean:1100:6: declaration uses `sorry`",
   "level": "warning"},
  {"message": "VTlean/DelCode.lean:1106:6: declaration uses `sorry`",
   "level": "warning"},
  {"message":
   "VTlean/DelCode.lean:1107:42: missing space in the source\n\nThis part of the code\n  'Nat):\n  card'\nshould be written as\n  'Nat) :\n '\n\n\nNote: This linter can be disabled with `set_option linter.style.whitespace false`",
   "level": "warning"},
  {"message": "VTlean/DelCode.lean:1110:6: declaration uses `sorry`",
   "level": "warning"},
  {"message":
   "VTlean/DelCode.lean:1111:42: missing space in the source\n\nThis part of the code\n  'Nat):\n  card'\nshould be written as\n  'Nat) :\n '\n\n\nNote: This linter can be disabled with `set_option linter.style.whitespace false`",
   "level": "warning"},
  {"message": "VTlean/DelCode.lean:1114:6: declaration uses `sorry`",
   "level": "warning"},
  {"message":
   "VTlean/DelCode.lean:1115:42: missing space in the source\n\nThis part of the code\n  'Nat):\n  mul_card_dS_wt_le'\nshould be written as\n  'Nat) : mul_card_dS_wt_le'\n\n\nNote: This linter can be disabled with `set_option linter.style.whitespace false`",
   "level": "warning"},
  {"message": "VTlean/DelCode.lean:1118:6: declaration uses `sorry`",
   "level": "warning"},
  {"message":
   "VTlean/DelCode.lean:1119:42: missing space in the source\n\nThis part of the code\n  'Nat):\n  mul_card_dS_wt_le'\nshould be written as\n  'Nat) :\n '\n\n\nNote: This linter can be disabled with `set_option linter.style.whitespace false`",
   "level": "warning"},
  {"message": "VTlean/DelCode.lean:1122:6: declaration uses `sorry`",
   "level": "warning"},
  {"message":
   "VTlean/DelCode.lean:1125:100: This line exceeds the 100 character limit, please shorten it!\n\nNote: This linter can be disabled with `set_option linter.style.longLine false`",
   "level": "warning"},
  {"message": "VTlean/DelCode.lean:1127:6: declaration uses `sorry`",
   "level": "warning"},
  {"message":
   "VTlean/DelCode.lean:1130:100: This line exceeds the 100 character limit, please shorten it!\n\nNote: This linter can be disabled with `set_option linter.style.longLine false`",
   "level": "warning"},
  {"message":
   "VTlean/DelCode.lean:1137:27: extra space in the source\n\nThis part of the code\n  ':  Nat)'\nshould be written as\n  ': Nat)'\n\n\nNote: This linter can be disabled with `set_option linter.style.whitespace false`",
   "level": "warning"},
  {"message": "VTlean/DelCode.lean:1140:6: declaration uses `sorry`",
   "level": "warning"},
  {"message": "VTlean/DelCode.lean:1146:6: declaration uses `sorry`",
   "level": "warning"},
  {"message": "VTlean/DelCode.lean:1152:6: declaration uses `sorry`",
   "level": "warning"},
  {"message": "VTlean/DelCode.lean:1155:6: declaration uses `sorry`",
   "level": "warning"},
  {"message": "VTlean/DelCode.lean:1158:6: declaration uses `sorry`",
   "level": "warning"},
  {"message": "VTlean/DelCode.lean:1161:6: declaration uses `sorry`",
   "level": "warning"},
  {"message": "VTlean/DelCode.lean:1168:6: declaration uses `sorry`",
   "level": "warning"},
  {"message":
   "VTlean/DelCode.lean:1171:100: This line exceeds the 100 character limit, please shorten it!\n\nNote: This linter can be disabled with `set_option linter.style.longLine false`",
   "level": "warning"},
  {"message": "VTlean/DelCode.lean:1174:6: declaration uses `sorry`",
   "level": "warning"},
  {"message": "VTlean/DelCode.lean:1177:6: declaration uses `sorry`",
   "level": "warning"},
  {"message": "VTlean/DelCode.lean:1183:6: declaration uses `sorry`",
   "level": "warning"},
  {"message":
   "VTlean/DelCode.lean:1189:100: This line exceeds the 100 character limit, please shorten it!\n\nNote: This linter can be disabled with `set_option linter.style.longLine false`",
   "level": "warning"},
  {"message": "VTlean/DelCode.lean:1192:6: declaration uses `sorry`",
   "level": "warning"},
  {"message":
   "VTlean/DelCode.lean:1197:100: This line exceeds the 100 character limit, please shorten it!\n\nNote: This linter can be disabled with `set_option linter.style.longLine false`",
   "level": "warning"},
  {"message": "VTlean/DelCode.lean:1200:6: declaration uses `sorry`",
   "level": "warning"},
  {"message":
   "VTlean/DelCode.lean:1201:100: This line exceeds the 100 character limit, please shorten it!\n\nNote: This linter can be disabled with `set_option linter.style.longLine false`",
   "level": "warning"},
  {"message": "VTlean/DelCode.lean:1204:6: declaration uses `sorry`",
   "level": "warning"},
  {"message":
   "VTlean/DelCode.lean:1205:100: This line exceeds the 100 character limit, please shorten it!\n\nNote: This linter can be disabled with `set_option linter.style.longLine false`",
   "level": "warning"},
  {"message": "VTlean/DelCode.lean:1208:6: declaration uses `sorry`",
   "level": "warning"}],
 "inputs":
 [["VTlean.DelCode:deps",
   [["deps",
     [["VTlean/VTlean:extraDep", [["@VTlean:extraDep", "00000000000006bb"]]],
      ["imports",
       [["Mathlib.Data.Fintype.Basic transitive imports (legacy)",
         "17394689cf05e8d9"],
        ["Mathlib.Data.Fintype.Basic:importAllArts", "523c32c867a8165c"],
        ["Mathlib.Data.Finset.Basic transitive imports (legacy)",
         "f45156902b3bef6c"],
        ["Mathlib.Data.Finset.Basic:importAllArts", "19dc6347cf1c7240"],
        ["VTlean.InsDel transitive imports (legacy)", "dee97a4c7aab712b"],
        ["VTlean.InsDel:importAllArts", "b2933e2e4d2fa56f"],
        ["VTlean.B transitive imports (legacy)", "416edac6ab7889ca"],
        ["VTlean.B:importAllArts", "31504c077e29bbbf"],
        ["VTlean.NumOsNumIs transitive imports (legacy)", "dd09be30f3fc2da1"],
        ["VTlean.NumOsNumIs:importAllArts", "c8f11f832a043496"],
        ["Mathlib.Data.Fintype.EquivFin transitive imports (legacy)",
         "5936ae7a7c6931be"],
        ["Mathlib.Data.Fintype.EquivFin:importAllArts", "53fa4353e88b6ab9"],
        ["Mathlib.Data.Nat.Basic transitive imports (legacy)",
         "8ec12792fb1f7e3b"],
        ["Mathlib.Data.Nat.Basic:importAllArts", "742e8d689063aa67"]]]]],
    ["libs",
     [["import dynlibs", "00000000000006bb"],
      ["package external libraries", "00000000000006bb"],
      ["module dynlibs", "00000000000006bb"],
      ["module plugins", "00000000000006bb"]]]]],
  ["Lean 4.29.1, commit f72c35b3f637c8c6571d353742168ab66cc22c00",
   "fa77a35a41db35c0"],
  ["/Users/austinanderson/GitHub/MyLean4Code/VTlean/VTlean/DelCode.lean",
   "d3ab7babab9bb9ec"],
  ["options",
   [["-DmaxSynthPendingDepth=3", "c78e353d34de85d4"],
    ["-Dweak.linter.mathlibStandardSet=true", "8a155799906f2b42"],
    ["-DrelaxedAutoImplicit=false", "74a2b5546b55be80"],
    ["-Dpp.unicode.fun=true", "9b94070140457fab"]]],
  ["isModule: false", "feefd2a0d3a1847e"],
  ["Module.name: VTlean.DelCode", "3c06143abab00f7d"],
  ["Package.id?: (some VTlean)", "75d4fb52343132bb"],
  ["Module.leanArgs: #[]", "00000000000006bb"]],
 "depHash": "6cfb69b6eaf9a690"}