{"synthetic": false,
 "schemaVersion": "2025-09-10",
 "outputs":
 {"o": ["75a7cb034f6ac405.olean"],
  "i": "a0354bb8228115e3.ilean",
  "c": "6b1bc3c2c09c2259.c"},
 "log":
 [{"message":
   ".> LEAN_PATH=/Users/austinanderson/GitHub/MyLean4Code/VTlean/.lake/packages/Cli/.lake/build/lib/lean:/Users/austinanderson/GitHub/MyLean4Code/VTlean/.lake/packages/batteries/.lake/build/lib/lean:/Users/austinanderson/GitHub/MyLean4Code/VTlean/.lake/packages/Qq/.lake/build/lib/lean:/Users/austinanderson/GitHub/MyLean4Code/VTlean/.lake/packages/aesop/.lake/build/lib/lean:/Users/austinanderson/GitHub/MyLean4Code/VTlean/.lake/packages/proofwidgets/.lake/build/lib/lean:/Users/austinanderson/GitHub/MyLean4Code/VTlean/.lake/packages/importGraph/.lake/build/lib/lean:/Users/austinanderson/GitHub/MyLean4Code/VTlean/.lake/packages/LeanSearchClient/.lake/build/lib/lean:/Users/austinanderson/GitHub/MyLean4Code/VTlean/.lake/packages/plausible/.lake/build/lib/lean:/Users/austinanderson/GitHub/MyLean4Code/VTlean/.lake/packages/mathlib/.lake/build/lib/lean:/Users/austinanderson/GitHub/MyLean4Code/VTlean/.lake/build/lib/lean /Users/austinanderson/.elan/toolchains/leanprover--lean4---v4.29.1/bin/lean /Users/austinanderson/GitHub/MyLean4Code/VTlean/VTlean/Domination.lean -o /Users/austinanderson/GitHub/MyLean4Code/VTlean/.lake/build/lib/lean/VTlean/Domination.olean -i /Users/austinanderson/GitHub/MyLean4Code/VTlean/.lake/build/lib/lean/VTlean/Domination.ilean -c /Users/austinanderson/GitHub/MyLean4Code/VTlean/.lake/build/ir/VTlean/Domination.c --setup /Users/austinanderson/GitHub/MyLean4Code/VTlean/.lake/build/ir/VTlean/Domination.setup.json --json",
   "level": "trace"},
  {"message": "VTlean/Domination.lean:15:4: declaration uses `sorry`",
   "level": "warning"},
  {"message": "VTlean/Domination.lean:25:6: declaration uses `sorry`",
   "level": "warning"},
  {"message":
   "VTlean/Domination.lean:18:3: error: doc-strings should start with a single space or newline\n\nNote: This linter can be disabled with `set_option linter.style.docString false`",
   "level": "warning"},
  {"message":
   "VTlean/Domination.lean:25:100: This line exceeds the 100 character limit, please shorten it!\n\nNote: This linter can be disabled with `set_option linter.style.longLine false`",
   "level": "warning"},
  {"message": "VTlean/Domination.lean:39:6: declaration uses `sorry`",
   "level": "warning"},
  {"message":
   "VTlean/Domination.lean:35:3: error: doc-strings should start with a single space or newline\n\nNote: This linter can be disabled with `set_option linter.style.docString false`",
   "level": "warning"},
  {"message":
   "VTlean/Domination.lean:37:49: error: doc-strings should end with a single space or newline\n\nNote: This linter can be disabled with `set_option linter.style.docString false`",
   "level": "warning"},
  {"message": "VTlean/Domination.lean:47:8: declaration uses `sorry`",
   "level": "warning"},
  {"message":
   "VTlean/Domination.lean:43:3: error: doc-strings should start with a single space or newline\n\nNote: This linter can be disabled with `set_option linter.style.docString false`",
   "level": "warning"},
  {"message":
   "VTlean/Domination.lean:47:100: This line exceeds the 100 character limit, please shorten it!\n\nNote: This linter can be disabled with `set_option linter.style.longLine false`",
   "level": "warning"},
  {"message":
   "VTlean/Domination.lean:48:100: This line exceeds the 100 character limit, please shorten it!\n\nNote: This linter can be disabled with `set_option linter.style.longLine false`",
   "level": "warning"}],
 "inputs":
 [["VTlean.Domination:deps",
   [["deps",
     [["VTlean/VTlean:extraDep", [["@VTlean:extraDep", "00000000000006bb"]]],
      ["imports",
       [["VTlean.B transitive imports (legacy)", "a71f54a5960e0c46"],
        ["VTlean.B:importAllArts", "31504c077e29bbbf"],
        ["VTlean.VTCode transitive imports (legacy)", "8859d14acef156ed"],
        ["VTlean.VTCode:importAllArts", "45f87c7bea3bef99"],
        ["VTlean.Dream transitive imports (legacy)", "1fe79ccbebc38a90"],
        ["VTlean.Dream:importAllArts", "15262709ceb0b0cb"],
        ["VTlean.CuculiereCombinatorial transitive imports (legacy)",
         "11bde007ae17b4b4"],
        ["VTlean.CuculiereCombinatorial:importAllArts", "92426e1bd7c568d7"],
        ["Mathlib transitive imports (legacy)", "8cfe4116a07021e9"],
        ["Mathlib:importAllArts", "1f979cbc8a135c61"]]]]],
    ["libs",
     [["import dynlibs", "00000000000006bb"],
      ["package external libraries", "00000000000006bb"],
      ["module dynlibs", "00000000000006bb"],
      ["module plugins", "00000000000006bb"]]]]],
  ["Lean 4.29.1, commit f72c35b3f637c8c6571d353742168ab66cc22c00",
   "fa77a35a41db35c0"],
  ["/Users/austinanderson/GitHub/MyLean4Code/VTlean/VTlean/Domination.lean",
   "dba0a80f7475ecf8"],
  ["options",
   [["-DmaxSynthPendingDepth=3", "c78e353d34de85d4"],
    ["-Dweak.linter.mathlibStandardSet=true", "8a155799906f2b42"],
    ["-DrelaxedAutoImplicit=false", "74a2b5546b55be80"],
    ["-Dpp.unicode.fun=true", "9b94070140457fab"]]],
  ["isModule: false", "feefd2a0d3a1847e"],
  ["Module.name: VTlean.Domination", "23e6a892135e60c3"],
  ["Package.id?: (some VTlean)", "75d4fb52343132bb"],
  ["Module.leanArgs: #[]", "00000000000006bb"]],
 "depHash": "8b7ae71b48f26480"}