{"synthetic": false,
 "schemaVersion": "2025-09-10",
 "outputs":
 {"o": ["408cf10a3f150d48.olean"],
  "i": "e37ce89d13230066.ilean",
  "c": "41a3e8a01ae95702.c"},
 "log":
 [{"message":
   ".> LEAN_PATH=/Users/austinanderson/GitHub/MyLean4Code/VTlean/.lake/packages/Cli/.lake/build/lib/lean:/Users/austinanderson/GitHub/MyLean4Code/VTlean/.lake/packages/batteries/.lake/build/lib/lean:/Users/austinanderson/GitHub/MyLean4Code/VTlean/.lake/packages/Qq/.lake/build/lib/lean:/Users/austinanderson/GitHub/MyLean4Code/VTlean/.lake/packages/aesop/.lake/build/lib/lean:/Users/austinanderson/GitHub/MyLean4Code/VTlean/.lake/packages/proofwidgets/.lake/build/lib/lean:/Users/austinanderson/GitHub/MyLean4Code/VTlean/.lake/packages/importGraph/.lake/build/lib/lean:/Users/austinanderson/GitHub/MyLean4Code/VTlean/.lake/packages/LeanSearchClient/.lake/build/lib/lean:/Users/austinanderson/GitHub/MyLean4Code/VTlean/.lake/packages/plausible/.lake/build/lib/lean:/Users/austinanderson/GitHub/MyLean4Code/VTlean/.lake/packages/mathlib/.lake/build/lib/lean:/Users/austinanderson/GitHub/MyLean4Code/VTlean/.lake/build/lib/lean /Users/austinanderson/.elan/toolchains/leanprover--lean4---v4.29.1/bin/lean /Users/austinanderson/GitHub/MyLean4Code/VTlean/VTlean/Dream.lean -o /Users/austinanderson/GitHub/MyLean4Code/VTlean/.lake/build/lib/lean/VTlean/Dream.olean -i /Users/austinanderson/GitHub/MyLean4Code/VTlean/.lake/build/lib/lean/VTlean/Dream.ilean -c /Users/austinanderson/GitHub/MyLean4Code/VTlean/.lake/build/ir/VTlean/Dream.c --setup /Users/austinanderson/GitHub/MyLean4Code/VTlean/.lake/build/ir/VTlean/Dream.setup.json --json",
   "level": "trace"},
  {"message":
   "VTlean/Dream.lean:139:100: This line exceeds the 100 character limit, please shorten it!\n\nNote: This linter can be disabled with `set_option linter.style.longLine false`",
   "level": "warning"},
  {"message":
   "VTlean/Dream.lean:171:100: This line exceeds the 100 character limit, please shorten it!\n\nNote: This linter can be disabled with `set_option linter.style.longLine false`",
   "level": "warning"},
  {"message":
   "VTlean/Dream.lean:176:100: This line exceeds the 100 character limit, please shorten it!\n\nNote: This linter can be disabled with `set_option linter.style.longLine false`",
   "level": "warning"},
  {"message": "VTlean/Dream.lean:197:6: declaration uses `sorry`",
   "level": "warning"},
  {"message":
   "VTlean/Dream.lean:213:100: This line exceeds the 100 character limit, please shorten it!\n\nNote: This linter can be disabled with `set_option linter.style.longLine false`",
   "level": "warning"},
  {"message": "VTlean/Dream.lean:224:8: declaration uses `sorry`",
   "level": "warning"},
  {"message":
   "VTlean/Dream.lean:224:100: This line exceeds the 100 character limit, please shorten it!\n\nNote: This linter can be disabled with `set_option linter.style.longLine false`",
   "level": "warning"},
  {"message":
   "VTlean/Dream.lean:225:100: This line exceeds the 100 character limit, please shorten it!\n\nNote: This linter can be disabled with `set_option linter.style.longLine false`",
   "level": "warning"},
  {"message": "VTlean/Dream.lean:230:8: declaration uses `sorry`",
   "level": "warning"}],
 "inputs":
 [["VTlean.Dream:deps",
   [["deps",
     [["VTlean/VTlean:extraDep", [["@VTlean:extraDep", "00000000000006bb"]]],
      ["imports",
       [["Mathlib.Data.Finset.Basic transitive imports (legacy)",
         "f45156902b3bef6c"],
        ["Mathlib.Data.Finset.Basic:importAllArts", "19dc6347cf1c7240"],
        ["Mathlib.Data.Fintype.Basic transitive imports (legacy)",
         "17394689cf05e8d9"],
        ["Mathlib.Data.Fintype.Basic:importAllArts", "523c32c867a8165c"],
        ["VTlean.B transitive imports (legacy)", "416edac6ab7889ca"],
        ["VTlean.B:importAllArts", "31504c077e29bbbf"],
        ["VTlean.InsDel transitive imports (legacy)", "dee97a4c7aab712b"],
        ["VTlean.InsDel:importAllArts", "b2933e2e4d2fa56f"],
        ["VTlean.DelCode transitive imports (legacy)", "9fec8551c4006b6f"],
        ["VTlean.DelCode:importAllArts", "d98e0f91d47d0e2c"],
        ["VTlean.VTCode transitive imports (legacy)", "968f05b1c85a7aef"],
        ["VTlean.VTCode:importAllArts", "c87f611f058c5a0d"],
        ["VTlean.FractalSlice transitive imports (legacy)", "b35edcaf7aa59dff"],
        ["VTlean.FractalSlice:importAllArts", "515fbebdc01d4981"]]]]],
    ["libs",
     [["import dynlibs", "00000000000006bb"],
      ["package external libraries", "00000000000006bb"],
      ["module dynlibs", "00000000000006bb"],
      ["module plugins", "00000000000006bb"]]]]],
  ["Lean 4.29.1, commit f72c35b3f637c8c6571d353742168ab66cc22c00",
   "fa77a35a41db35c0"],
  ["/Users/austinanderson/GitHub/MyLean4Code/VTlean/VTlean/Dream.lean",
   "a184698149c2be4d"],
  ["options",
   [["-DmaxSynthPendingDepth=3", "c78e353d34de85d4"],
    ["-Dweak.linter.mathlibStandardSet=true", "8a155799906f2b42"],
    ["-DrelaxedAutoImplicit=false", "74a2b5546b55be80"],
    ["-Dpp.unicode.fun=true", "9b94070140457fab"]]],
  ["isModule: false", "feefd2a0d3a1847e"],
  ["Module.name: VTlean.Dream", "eb374cfd84ea6756"],
  ["Package.id?: (some VTlean)", "75d4fb52343132bb"],
  ["Module.leanArgs: #[]", "00000000000006bb"]],
 "depHash": "da81d8dbe281bf07"}