{"synthetic": false,
 "schemaVersion": "2025-09-10",
 "outputs":
 {"o": ["4081e64f8b83752f.olean"],
  "i": "5947fca85181fd95.ilean",
  "c": "3ffcd9fcd133094a.c"},
 "log":
 [{"message":
   ".> LEAN_PATH=/Users/austinanderson/GitHub/MyLean4Code/VTlean/.lake/packages/Cli/.lake/build/lib/lean:/Users/austinanderson/GitHub/MyLean4Code/VTlean/.lake/packages/batteries/.lake/build/lib/lean:/Users/austinanderson/GitHub/MyLean4Code/VTlean/.lake/packages/Qq/.lake/build/lib/lean:/Users/austinanderson/GitHub/MyLean4Code/VTlean/.lake/packages/aesop/.lake/build/lib/lean:/Users/austinanderson/GitHub/MyLean4Code/VTlean/.lake/packages/proofwidgets/.lake/build/lib/lean:/Users/austinanderson/GitHub/MyLean4Code/VTlean/.lake/packages/importGraph/.lake/build/lib/lean:/Users/austinanderson/GitHub/MyLean4Code/VTlean/.lake/packages/LeanSearchClient/.lake/build/lib/lean:/Users/austinanderson/GitHub/MyLean4Code/VTlean/.lake/packages/plausible/.lake/build/lib/lean:/Users/austinanderson/GitHub/MyLean4Code/VTlean/.lake/packages/mathlib/.lake/build/lib/lean:/Users/austinanderson/GitHub/MyLean4Code/VTlean/.lake/build/lib/lean /Users/austinanderson/.elan/toolchains/leanprover--lean4---v4.29.1/bin/lean /Users/austinanderson/GitHub/MyLean4Code/VTlean/VTlean/FractalSlice.lean -o /Users/austinanderson/GitHub/MyLean4Code/VTlean/.lake/build/lib/lean/VTlean/FractalSlice.olean -i /Users/austinanderson/GitHub/MyLean4Code/VTlean/.lake/build/lib/lean/VTlean/FractalSlice.ilean -c /Users/austinanderson/GitHub/MyLean4Code/VTlean/.lake/build/ir/VTlean/FractalSlice.c --setup /Users/austinanderson/GitHub/MyLean4Code/VTlean/.lake/build/ir/VTlean/FractalSlice.setup.json --json",
   "level": "trace"},
  {"message": "VTlean/FractalSlice.lean:26:8: declaration uses `sorry`",
   "level": "warning"},
  {"message": "VTlean/FractalSlice.lean:68:4: declaration uses `sorry`",
   "level": "warning"}],
 "inputs":
 [["VTlean.FractalSlice:deps",
   [["deps",
     [["VTlean/VTlean:extraDep", [["@VTlean:extraDep", "00000000000006bb"]]],
      ["imports",
       [["VTlean.B transitive imports (legacy)", "416edac6ab7889ca"],
        ["VTlean.B:importAllArts", "31504c077e29bbbf"],
        ["VTlean.InsDel transitive imports (legacy)", "dee97a4c7aab712b"],
        ["VTlean.InsDel:importAllArts", "b2933e2e4d2fa56f"],
        ["VTlean.DelCode transitive imports (legacy)", "9fec8551c4006b6f"],
        ["VTlean.DelCode:importAllArts", "d98e0f91d47d0e2c"],
        ["VTlean.VTCode transitive imports (legacy)", "968f05b1c85a7aef"],
        ["VTlean.VTCode:importAllArts", "c87f611f058c5a0d"]]]]],
    ["libs",
     [["import dynlibs", "00000000000006bb"],
      ["package external libraries", "00000000000006bb"],
      ["module dynlibs", "00000000000006bb"],
      ["module plugins", "00000000000006bb"]]]]],
  ["Lean 4.29.1, commit f72c35b3f637c8c6571d353742168ab66cc22c00",
   "fa77a35a41db35c0"],
  ["/Users/austinanderson/GitHub/MyLean4Code/VTlean/VTlean/FractalSlice.lean",
   "2dd3606415992588"],
  ["options",
   [["-DmaxSynthPendingDepth=3", "c78e353d34de85d4"],
    ["-Dweak.linter.mathlibStandardSet=true", "8a155799906f2b42"],
    ["-DrelaxedAutoImplicit=false", "74a2b5546b55be80"],
    ["-Dpp.unicode.fun=true", "9b94070140457fab"]]],
  ["isModule: false", "feefd2a0d3a1847e"],
  ["Module.name: VTlean.FractalSlice", "82cdaebd4f595e0d"],
  ["Package.id?: (some VTlean)", "75d4fb52343132bb"],
  ["Module.leanArgs: #[]", "00000000000006bb"]],
 "depHash": "e41f72c68d97c989"}