{"synthetic": false,
 "schemaVersion": "2025-09-10",
 "outputs":
 {"o": ["086dd18212f61674.olean"],
  "i": "4d8c989e8e8162bd.ilean",
  "c": "55b6745bbded1d40.c"},
 "log":
 [{"message":
   ".> LEAN_PATH=/Users/austinanderson/GitHub/MyLean4Code/VTlean/.lake/packages/Cli/.lake/build/lib/lean:/Users/austinanderson/GitHub/MyLean4Code/VTlean/.lake/packages/batteries/.lake/build/lib/lean:/Users/austinanderson/GitHub/MyLean4Code/VTlean/.lake/packages/Qq/.lake/build/lib/lean:/Users/austinanderson/GitHub/MyLean4Code/VTlean/.lake/packages/aesop/.lake/build/lib/lean:/Users/austinanderson/GitHub/MyLean4Code/VTlean/.lake/packages/proofwidgets/.lake/build/lib/lean:/Users/austinanderson/GitHub/MyLean4Code/VTlean/.lake/packages/importGraph/.lake/build/lib/lean:/Users/austinanderson/GitHub/MyLean4Code/VTlean/.lake/packages/LeanSearchClient/.lake/build/lib/lean:/Users/austinanderson/GitHub/MyLean4Code/VTlean/.lake/packages/plausible/.lake/build/lib/lean:/Users/austinanderson/GitHub/MyLean4Code/VTlean/.lake/packages/mathlib/.lake/build/lib/lean:/Users/austinanderson/GitHub/MyLean4Code/VTlean/.lake/build/lib/lean /Users/austinanderson/.elan/toolchains/leanprover--lean4---v4.29.1/bin/lean /Users/austinanderson/GitHub/MyLean4Code/VTlean/VTlean/Homomorphism.lean -o /Users/austinanderson/GitHub/MyLean4Code/VTlean/.lake/build/lib/lean/VTlean/Homomorphism.olean -i /Users/austinanderson/GitHub/MyLean4Code/VTlean/.lake/build/lib/lean/VTlean/Homomorphism.ilean -c /Users/austinanderson/GitHub/MyLean4Code/VTlean/.lake/build/ir/VTlean/Homomorphism.c --setup /Users/austinanderson/GitHub/MyLean4Code/VTlean/.lake/build/ir/VTlean/Homomorphism.setup.json --json",
   "level": "trace"},
  {"message": "VTlean/Homomorphism.lean:45:6: declaration uses `sorry`",
   "level": "warning"},
  {"message": "VTlean/Homomorphism.lean:51:6: declaration uses `sorry`",
   "level": "warning"},
  {"message": "VTlean/Homomorphism.lean:57:6: declaration uses `sorry`",
   "level": "warning"},
  {"message": "VTlean/Homomorphism.lean:65:6: declaration uses `sorry`",
   "level": "warning"},
  {"message": "VTlean/Homomorphism.lean:70:6: declaration uses `sorry`",
   "level": "warning"},
  {"message": "VTlean/Homomorphism.lean:75:6: declaration uses `sorry`",
   "level": "warning"},
  {"message": "VTlean/Homomorphism.lean:80:6: declaration uses `sorry`",
   "level": "warning"},
  {"message":
   "VTlean/Homomorphism.lean:80:100: This line exceeds the 100 character limit, please shorten it!\n\nNote: This linter can be disabled with `set_option linter.style.longLine false`",
   "level": "warning"},
  {"message":
   "VTlean/Homomorphism.lean:249:61: unused variable `I_max`\n\nNote: This linter can be disabled with `set_option linter.unusedVariables false`",
   "level": "warning"},
  {"message":
   "VTlean/Homomorphism.lean:249:100: This line exceeds the 100 character limit, please shorten it!\n\nNote: This linter can be disabled with `set_option linter.style.longLine false`",
   "level": "warning"},
  {"message":
   "VTlean/Homomorphism.lean:251:100: This line exceeds the 100 character limit, please shorten it!\n\nNote: This linter can be disabled with `set_option linter.style.longLine false`",
   "level": "warning"}],
 "inputs":
 [["VTlean.Homomorphism:deps",
   [["deps",
     [["VTlean/VTlean:extraDep", [["@VTlean:extraDep", "00000000000006bb"]]],
      ["imports",
       [["Mathlib transitive imports (legacy)", "bf567ce5aae7f8c3"],
        ["Mathlib:importAllArts", "1f979cbc8a135c61"],
        ["VTlean.DelCode transitive imports (legacy)", "9fec8551c4006b6f"],
        ["VTlean.DelCode:importAllArts", "d98e0f91d47d0e2c"],
        ["VTlean.VTCode transitive imports (legacy)", "968f05b1c85a7aef"],
        ["VTlean.VTCode:importAllArts", "c87f611f058c5a0d"],
        ["VTlean.Optimal transitive imports (legacy)", "c96ac58424fd28f1"],
        ["VTlean.Optimal:importAllArts", "94cbde1c17185616"]]]]],
    ["libs",
     [["import dynlibs", "00000000000006bb"],
      ["package external libraries", "00000000000006bb"],
      ["module dynlibs", "00000000000006bb"],
      ["module plugins", "00000000000006bb"]]]]],
  ["Lean 4.29.1, commit f72c35b3f637c8c6571d353742168ab66cc22c00",
   "fa77a35a41db35c0"],
  ["/Users/austinanderson/GitHub/MyLean4Code/VTlean/VTlean/Homomorphism.lean",
   "8fe8e2396545f99b"],
  ["options",
   [["-DmaxSynthPendingDepth=3", "c78e353d34de85d4"],
    ["-Dweak.linter.mathlibStandardSet=true", "8a155799906f2b42"],
    ["-DrelaxedAutoImplicit=false", "74a2b5546b55be80"],
    ["-Dpp.unicode.fun=true", "9b94070140457fab"]]],
  ["isModule: false", "feefd2a0d3a1847e"],
  ["Module.name: VTlean.Homomorphism", "f91127456b740ff1"],
  ["Package.id?: (some VTlean)", "75d4fb52343132bb"],
  ["Module.leanArgs: #[]", "00000000000006bb"]],
 "depHash": "33e94149fd0f1fb6"}