{"synthetic": false,
 "schemaVersion": "2025-09-10",
 "outputs":
 {"o": ["06a97975f1754583.olean"],
  "i": "f2d092a1d2205a8d.ilean",
  "c": "37bcfee85c9a0071.c"},
 "log":
 [{"message":
   ".> LEAN_PATH=/Users/austinanderson/GitHub/MyLean4Code/VTlean/.lake/packages/Cli/.lake/build/lib/lean:/Users/austinanderson/GitHub/MyLean4Code/VTlean/.lake/packages/batteries/.lake/build/lib/lean:/Users/austinanderson/GitHub/MyLean4Code/VTlean/.lake/packages/Qq/.lake/build/lib/lean:/Users/austinanderson/GitHub/MyLean4Code/VTlean/.lake/packages/aesop/.lake/build/lib/lean:/Users/austinanderson/GitHub/MyLean4Code/VTlean/.lake/packages/proofwidgets/.lake/build/lib/lean:/Users/austinanderson/GitHub/MyLean4Code/VTlean/.lake/packages/importGraph/.lake/build/lib/lean:/Users/austinanderson/GitHub/MyLean4Code/VTlean/.lake/packages/LeanSearchClient/.lake/build/lib/lean:/Users/austinanderson/GitHub/MyLean4Code/VTlean/.lake/packages/plausible/.lake/build/lib/lean:/Users/austinanderson/GitHub/MyLean4Code/VTlean/.lake/packages/mathlib/.lake/build/lib/lean:/Users/austinanderson/GitHub/MyLean4Code/VTlean/.lake/build/lib/lean /Users/austinanderson/.elan/toolchains/leanprover--lean4---v4.29.1/bin/lean /Users/austinanderson/GitHub/MyLean4Code/VTlean/VTlean/InsDel.lean -o /Users/austinanderson/GitHub/MyLean4Code/VTlean/.lake/build/lib/lean/VTlean/InsDel.olean -i /Users/austinanderson/GitHub/MyLean4Code/VTlean/.lake/build/lib/lean/VTlean/InsDel.ilean -c /Users/austinanderson/GitHub/MyLean4Code/VTlean/.lake/build/ir/VTlean/InsDel.c --setup /Users/austinanderson/GitHub/MyLean4Code/VTlean/.lake/build/ir/VTlean/InsDel.setup.json --json",
   "level": "trace"},
  {"message": "VTlean/InsDel.lean:11:4: declaration uses `sorry`",
   "level": "warning"},
  {"message": "VTlean/InsDel.lean:15:4: declaration uses `sorry`",
   "level": "warning"},
  {"message": "VTlean/InsDel.lean:22:4: declaration uses `sorry`",
   "level": "warning"},
  {"message": "VTlean/InsDel.lean:26:4: declaration uses `sorry`",
   "level": "warning"},
  {"message": "VTlean/InsDel.lean:29:6: declaration uses `sorry`",
   "level": "warning"},
  {"message":
   "VTlean/InsDel.lean:29:0: `mem_dS` does not use the following hypothesis in its type:\n  • [DecidableEq α] (#2)\n\nConsider removing this hypothesis and using `classical` in the proof instead. For terms, consider using `open scoped Classical in` at the term level (not the command level).\n\nNote: This linter can be disabled with `set_option linter.unusedDecidableInType false`",
   "level": "warning"},
  {"message":
   "VTlean/InsDel.lean:29:0: `mem_dS` does not use the following hypothesis in its type:\n  • [Fintype α] (#3)\n\nConsider replacing this hypothesis with the corresponding instance of `Finite` and using `Fintype.ofFinite` in the proof, or removing it entirely.\n\nNote: Add `import Mathlib.Data.Fintype.EquivFin` to make `Fintype.ofFinite` available.\n\nNote: This linter can be disabled with `set_option linter.unusedFintypeInType false`",
   "level": "warning"},
  {"message": "VTlean/InsDel.lean:33:6: declaration uses `sorry`",
   "level": "warning"},
  {"message":
   "VTlean/InsDel.lean:33:0: `mem_IS` does not use the following hypothesis in its type:\n  • [DecidableEq α] (#2)\n\nConsider removing this hypothesis and using `classical` in the proof instead. For terms, consider using `open scoped Classical in` at the term level (not the command level).\n\nNote: This linter can be disabled with `set_option linter.unusedDecidableInType false`",
   "level": "warning"},
  {"message":
   "VTlean/InsDel.lean:33:0: `mem_IS` does not use the following hypothesis in its type:\n  • [Fintype α] (#3)\n\nConsider replacing this hypothesis with the corresponding instance of `Finite` and using `Fintype.ofFinite` in the proof, or removing it entirely.\n\nNote: Add `import Mathlib.Data.Fintype.EquivFin` to make `Fintype.ofFinite` available.\n\nNote: This linter can be disabled with `set_option linter.unusedFintypeInType false`",
   "level": "warning"}],
 "inputs":
 [["VTlean.InsDel:deps",
   [["deps",
     [["VTlean/VTlean:extraDep", [["@VTlean:extraDep", "00000000000006bb"]]],
      ["imports",
       [["Mathlib.Data.Vector.Basic transitive imports (legacy)",
         "8eea481cea8f8a2e"],
        ["Mathlib.Data.Vector.Basic:importAllArts", "55dd24a5c4d4dcf2"],
        ["Mathlib.Data.Finset.Basic transitive imports (legacy)",
         "f45156902b3bef6c"],
        ["Mathlib.Data.Finset.Basic:importAllArts", "19dc6347cf1c7240"],
        ["Mathlib.Data.Fintype.Basic transitive imports (legacy)",
         "17394689cf05e8d9"],
        ["Mathlib.Data.Fintype.Basic:importAllArts", "523c32c867a8165c"],
        ["VTlean.Lemma transitive imports (legacy)", "84e9a473599909aa"],
        ["VTlean.Lemma:importAllArts", "3eb279a46a3276f3"]]]]],
    ["libs",
     [["import dynlibs", "00000000000006bb"],
      ["package external libraries", "00000000000006bb"],
      ["module dynlibs", "00000000000006bb"],
      ["module plugins", "00000000000006bb"]]]]],
  ["Lean 4.29.1, commit f72c35b3f637c8c6571d353742168ab66cc22c00",
   "fa77a35a41db35c0"],
  ["/Users/austinanderson/GitHub/MyLean4Code/VTlean/VTlean/InsDel.lean",
   "fc7c4143fa60bf47"],
  ["options",
   [["-DmaxSynthPendingDepth=3", "c78e353d34de85d4"],
    ["-Dweak.linter.mathlibStandardSet=true", "8a155799906f2b42"],
    ["-DrelaxedAutoImplicit=false", "74a2b5546b55be80"],
    ["-Dpp.unicode.fun=true", "9b94070140457fab"]]],
  ["isModule: false", "feefd2a0d3a1847e"],
  ["Module.name: VTlean.InsDel", "1858484b967c1c72"],
  ["Package.id?: (some VTlean)", "75d4fb52343132bb"],
  ["Module.leanArgs: #[]", "00000000000006bb"]],
 "depHash": "159846639606b800"}