{"synthetic": false,
 "schemaVersion": "2025-09-10",
 "outputs":
 {"o": ["87f79f4a1dc457b5.olean"],
  "i": "26581fccd393750c.ilean",
  "c": "7d65cd1d9440cf0c.c"},
 "log":
 [{"message":
   ".> LEAN_PATH=/Users/austinanderson/GitHub/MyLean4Code/VTlean/.lake/packages/Cli/.lake/build/lib/lean:/Users/austinanderson/GitHub/MyLean4Code/VTlean/.lake/packages/batteries/.lake/build/lib/lean:/Users/austinanderson/GitHub/MyLean4Code/VTlean/.lake/packages/Qq/.lake/build/lib/lean:/Users/austinanderson/GitHub/MyLean4Code/VTlean/.lake/packages/aesop/.lake/build/lib/lean:/Users/austinanderson/GitHub/MyLean4Code/VTlean/.lake/packages/proofwidgets/.lake/build/lib/lean:/Users/austinanderson/GitHub/MyLean4Code/VTlean/.lake/packages/importGraph/.lake/build/lib/lean:/Users/austinanderson/GitHub/MyLean4Code/VTlean/.lake/packages/LeanSearchClient/.lake/build/lib/lean:/Users/austinanderson/GitHub/MyLean4Code/VTlean/.lake/packages/plausible/.lake/build/lib/lean:/Users/austinanderson/GitHub/MyLean4Code/VTlean/.lake/packages/mathlib/.lake/build/lib/lean:/Users/austinanderson/GitHub/MyLean4Code/VTlean/.lake/build/lib/lean /Users/austinanderson/.elan/toolchains/leanprover--lean4---v4.29.1/bin/lean /Users/austinanderson/GitHub/MyLean4Code/VTlean/VTlean/Optimal.lean -o /Users/austinanderson/GitHub/MyLean4Code/VTlean/.lake/build/lib/lean/VTlean/Optimal.olean -i /Users/austinanderson/GitHub/MyLean4Code/VTlean/.lake/build/lib/lean/VTlean/Optimal.ilean -c /Users/austinanderson/GitHub/MyLean4Code/VTlean/.lake/build/ir/VTlean/Optimal.c --setup /Users/austinanderson/GitHub/MyLean4Code/VTlean/.lake/build/ir/VTlean/Optimal.setup.json --json",
   "level": "trace"},
  {"message":
   "VTlean/Optimal.lean:8:57: unused variable `HC`\n\nNote: This linter can be disabled with `set_option linter.unusedVariables false`",
   "level": "warning"},
  {"message":
   "VTlean/Optimal.lean:11:48: unused variable `HC`\n\nNote: This linter can be disabled with `set_option linter.unusedVariables false`",
   "level": "warning"},
  {"message":
   "VTlean/Optimal.lean:18:0: automatically included section variable(s) unused in theorem `optimal'_iff`:\n  [Fintype α]\nconsider restructuring your `variable` declarations so that the variables are not in scope or explicitly omit them:\n  omit [Fintype α] in theorem ...\n\nNote: This linter can be disabled with `set_option linter.unusedSectionVars false`",
   "level": "warning"},
  {"message":
   "VTlean/Optimal.lean:18:0: `optimal'_iff` does not use the following hypothesis in its type:\n  • [Fintype α] (#3)\n\nConsider replacing this hypothesis with the corresponding instance of `Finite` and using `Fintype.ofFinite` in the proof, or removing it entirely.\n\nNote: This linter can be disabled with `set_option linter.unusedFintypeInType false`",
   "level": "warning"},
  {"message":
   "VTlean/Optimal.lean:24:20: unused variable `HC`\n\nNote: This linter can be disabled with `set_option linter.unusedVariables false`",
   "level": "warning"},
  {"message":
   "VTlean/Optimal.lean:27:21: unused variable `HC`\n\nNote: This linter can be disabled with `set_option linter.unusedVariables false`",
   "level": "warning"},
  {"message":
   "VTlean/Optimal.lean:34:0: automatically included section variable(s) unused in theorem `optimal_sub'_iff`:\n  [Fintype α]\nconsider restructuring your `variable` declarations so that the variables are not in scope or explicitly omit them:\n  omit [Fintype α] in theorem ...\n\nNote: This linter can be disabled with `set_option linter.unusedSectionVars false`",
   "level": "warning"},
  {"message":
   "VTlean/Optimal.lean:34:0: `optimal_sub'_iff` does not use the following hypothesis in its type:\n  • [Fintype α] (#3)\n\nConsider replacing this hypothesis with the corresponding instance of `Finite` and using `Fintype.ofFinite` in the proof, or removing it entirely.\n\nNote: This linter can be disabled with `set_option linter.unusedFintypeInType false`",
   "level": "warning"},
  {"message":
   "VTlean/Optimal.lean:46:0: automatically included section variable(s) unused in theorem `optimal_sub_of_supset`:\n  [Fintype α]\nconsider restructuring your `variable` declarations so that the variables are not in scope or explicitly omit them:\n  omit [Fintype α] in theorem ...\n\nNote: This linter can be disabled with `set_option linter.unusedSectionVars false`",
   "level": "warning"},
  {"message":
   "VTlean/Optimal.lean:46:0: `optimal_sub_of_supset` does not use the following hypothesis in its type:\n  • [Fintype α] (#3)\n\nConsider replacing this hypothesis with the corresponding instance of `Finite` and using `Fintype.ofFinite` in the proof, or removing it entirely.\n\nNote: This linter can be disabled with `set_option linter.unusedFintypeInType false`",
   "level": "warning"},
  {"message":
   "VTlean/Optimal.lean:110:100: This line exceeds the 100 character limit, please shorten it!\n\nNote: This linter can be disabled with `set_option linter.style.longLine false`",
   "level": "warning"},
  {"message":
   "VTlean/Optimal.lean:137:0: `optimal_sub_erase_iff` does not use the following hypothesis in its type:\n  • [Fintype α] (#3)\n\nConsider replacing this hypothesis with the corresponding instance of `Finite` and using `Fintype.ofFinite` in the proof, or removing it entirely.\n\nNote: This linter can be disabled with `set_option linter.unusedFintypeInType false`",
   "level": "warning"},
  {"message":
   "VTlean/Optimal.lean:149:0: `optimal_sub_sdiff_iff` does not use the following hypothesis in its type:\n  • [Fintype α] (#3)\n\nConsider replacing this hypothesis with the corresponding instance of `Finite` and using `Fintype.ofFinite` in the proof, or removing it entirely.\n\nNote: This linter can be disabled with `set_option linter.unusedFintypeInType false`",
   "level": "warning"},
  {"message":
   "VTlean/Optimal.lean:160:100: This line exceeds the 100 character limit, please shorten it!\n\nNote: This linter can be disabled with `set_option linter.style.longLine false`",
   "level": "warning"},
  {"message":
   "VTlean/Optimal.lean:175:0: `optimal_sub_sdiff_iff'` does not use the following hypothesis in its type:\n  • [Fintype α] (#3)\n\nConsider replacing this hypothesis with the corresponding instance of `Finite` and using `Fintype.ofFinite` in the proof, or removing it entirely.\n\nNote: This linter can be disabled with `set_option linter.unusedFintypeInType false`",
   "level": "warning"},
  {"message":
   "VTlean/Optimal.lean:191:37: extra space in the source\n\nThis part of the code\n  'Decidableis_card_DCs_sub_le  (k :'\nshould be written as\n  'Decidableis_card_DCs_sub_le (k :'\n\n\nNote: This linter can be disabled with `set_option linter.style.whitespace false`",
   "level": "warning"},
  {"message":
   "VTlean/Optimal.lean:196:38: extra space in the source\n\nThis part of the code\n  'Decidableis_card_DCs_sub_le'  (k :'\nshould be written as\n  'Decidableis_card_DCs_sub_le' (k :'\n\n\nNote: This linter can be disabled with `set_option linter.style.whitespace false`",
   "level": "warning"},
  {"message":
   "VTlean/Optimal.lean:198:0: automatically included section variable(s) unused in theorem `card_DCs_sub_le'_iff`:\n  [Fintype α]\nconsider restructuring your `variable` declarations so that the variables are not in scope or explicitly omit them:\n  omit [Fintype α] in theorem ...\n\nNote: This linter can be disabled with `set_option linter.unusedSectionVars false`",
   "level": "warning"},
  {"message":
   "VTlean/Optimal.lean:198:0: `card_DCs_sub_le'_iff` does not use the following hypothesis in its type:\n  • [Fintype α] (#3)\n\nConsider replacing this hypothesis with the corresponding instance of `Finite` and using `Fintype.ofFinite` in the proof, or removing it entirely.\n\nNote: This linter can be disabled with `set_option linter.unusedFintypeInType false`",
   "level": "warning"},
  {"message":
   "VTlean/Optimal.lean:204:0: automatically included section variable(s) unused in theorem `is_card_DCs_sub_le_DC`:\n  [Fintype α]\nconsider restructuring your `variable` declarations so that the variables are not in scope or explicitly omit them:\n  omit [Fintype α] in theorem ...\n\nNote: This linter can be disabled with `set_option linter.unusedSectionVars false`",
   "level": "warning"},
  {"message":
   "VTlean/Optimal.lean:204:0: `is_card_DCs_sub_le_DC` does not use the following hypothesis in its type:\n  • [Fintype α] (#3)\n\nConsider replacing this hypothesis with the corresponding instance of `Finite` and using `Fintype.ofFinite` in the proof, or removing it entirely.\n\nNote: This linter can be disabled with `set_option linter.unusedFintypeInType false`",
   "level": "warning"},
  {"message":
   "VTlean/Optimal.lean:207:0: automatically included section variable(s) unused in theorem `card_DCs_sub_le_of_supset`:\n  [Fintype α]\nconsider restructuring your `variable` declarations so that the variables are not in scope or explicitly omit them:\n  omit [Fintype α] in theorem ...\n\nNote: This linter can be disabled with `set_option linter.unusedSectionVars false`",
   "level": "warning"},
  {"message":
   "VTlean/Optimal.lean:207:0: `card_DCs_sub_le_of_supset` does not use the following hypothesis in its type:\n  • [Fintype α] (#3)\n\nConsider replacing this hypothesis with the corresponding instance of `Finite` and using `Fintype.ofFinite` in the proof, or removing it entirely.\n\nNote: This linter can be disabled with `set_option linter.unusedFintypeInType false`",
   "level": "warning"},
  {"message":
   "VTlean/Optimal.lean:225:0: `card_DCs_sub_le_erase_iff` does not use the following hypothesis in its type:\n  • [Fintype α] (#3)\n\nConsider replacing this hypothesis with the corresponding instance of `Finite` and using `Fintype.ofFinite` in the proof, or removing it entirely.\n\nNote: This linter can be disabled with `set_option linter.unusedFintypeInType false`",
   "level": "warning"},
  {"message":
   "VTlean/Optimal.lean:237:0: `card_DCs_sub_le_sdiff_iff` does not use the following hypothesis in its type:\n  • [Fintype α] (#3)\n\nConsider replacing this hypothesis with the corresponding instance of `Finite` and using `Fintype.ofFinite` in the proof, or removing it entirely.\n\nNote: This linter can be disabled with `set_option linter.unusedFintypeInType false`",
   "level": "warning"},
  {"message":
   "VTlean/Optimal.lean:247:100: This line exceeds the 100 character limit, please shorten it!\n\nNote: This linter can be disabled with `set_option linter.style.longLine false`",
   "level": "warning"},
  {"message":
   "VTlean/Optimal.lean:262:0: `card_DCs_sub_le_sdiff_iff'` does not use the following hypothesis in its type:\n  • [Fintype α] (#3)\n\nConsider replacing this hypothesis with the corresponding instance of `Finite` and using `Fintype.ofFinite` in the proof, or removing it entirely.\n\nNote: This linter can be disabled with `set_option linter.unusedFintypeInType false`",
   "level": "warning"},
  {"message": "VTlean/Optimal.lean:275:6: declaration uses `sorry`",
   "level": "warning"},
  {"message": "VTlean/Optimal.lean:282:6: declaration uses `sorry`",
   "level": "warning"},
  {"message":
   "VTlean/Optimal.lean:282:21: extra space in the source\n\nThis part of the code\n  '(X  : List.Vector'\nshould be written as\n  '(X : List.Vector'\n\n\nNote: This linter can be disabled with `set_option linter.style.whitespace false`",
   "level": "warning"},
  {"message": "VTlean/Optimal.lean:286:6: declaration uses `sorry`",
   "level": "warning"},
  {"message":
   "VTlean/Optimal.lean:286:21: extra space in the source\n\nThis part of the code\n  '(X  : List.Vector'\nshould be written as\n  '(X : List.Vector'\n\n\nNote: This linter can be disabled with `set_option linter.style.whitespace false`",
   "level": "warning"},
  {"message": "VTlean/Optimal.lean:290:6: declaration uses `sorry`",
   "level": "warning"},
  {"message":
   "VTlean/Optimal.lean:291:51: missing space in the source\n\nThis part of the code\n  'C):\n  Finset.card'\nshould be written as\n  'C) : Finset.card'\n\n\nNote: This linter can be disabled with `set_option linter.style.whitespace false`",
   "level": "warning"},
  {"message": "VTlean/Optimal.lean:295:6: declaration uses `sorry`",
   "level": "warning"},
  {"message":
   "VTlean/Optimal.lean:296:52: missing space in the source\n\nThis part of the code\n  'C):\n  Finset.card'\nshould be written as\n  'C) : Finset.card'\n\n\nNote: This linter can be disabled with `set_option linter.style.whitespace false`",
   "level": "warning"},
  {"message": "VTlean/Optimal.lean:300:6: declaration uses `sorry`",
   "level": "warning"},
  {"message":
   "VTlean/Optimal.lean:301:52: missing space in the source\n\nThis part of the code\n  'C):\n  Finset.card'\nshould be written as\n  'C) :\n '\n\n\nNote: This linter can be disabled with `set_option linter.style.whitespace false`",
   "level": "warning"},
  {"message": "VTlean/Optimal.lean:305:6: declaration uses `sorry`",
   "level": "warning"},
  {"message":
   "VTlean/Optimal.lean:316:21: extra space in the source\n\nThis part of the code\n  'Nat)  : List'\nshould be written as\n  'Nat) : List'\n\n\nNote: This linter can be disabled with `set_option linter.style.whitespace false`",
   "level": "warning"},
  {"message": "VTlean/Optimal.lean:319:6: declaration uses `sorry`",
   "level": "warning"},
  {"message": "VTlean/Optimal.lean:322:6: declaration uses `sorry`",
   "level": "warning"},
  {"message": "VTlean/Optimal.lean:325:6: declaration uses `sorry`",
   "level": "warning"},
  {"message": "VTlean/Optimal.lean:328:6: declaration uses `sorry`",
   "level": "warning"},
  {"message": "VTlean/Optimal.lean:334:6: declaration uses `sorry`",
   "level": "warning"},
  {"message": "VTlean/Optimal.lean:337:6: declaration uses `sorry`",
   "level": "warning"},
  {"message": "VTlean/Optimal.lean:340:6: declaration uses `sorry`",
   "level": "warning"},
  {"message": "VTlean/Optimal.lean:343:6: declaration uses `sorry`",
   "level": "warning"},
  {"message": "VTlean/Optimal.lean:346:6: declaration uses `sorry`",
   "level": "warning"},
  {"message": "VTlean/Optimal.lean:349:6: declaration uses `sorry`",
   "level": "warning"},
  {"message":
   "VTlean/Optimal.lean:352:21: extra space in the source\n\nThis part of the code\n  'Nat)  : List'\nshould be written as\n  'Nat) : List'\n\n\nNote: This linter can be disabled with `set_option linter.style.whitespace false`",
   "level": "warning"},
  {"message": "VTlean/Optimal.lean:355:6: declaration uses `sorry`",
   "level": "warning"},
  {"message": "VTlean/Optimal.lean:358:6: declaration uses `sorry`",
   "level": "warning"},
  {"message": "VTlean/Optimal.lean:361:6: declaration uses `sorry`",
   "level": "warning"},
  {"message": "VTlean/Optimal.lean:364:6: declaration uses `sorry`",
   "level": "warning"},
  {"message": "VTlean/Optimal.lean:370:6: declaration uses `sorry`",
   "level": "warning"},
  {"message":
   "VTlean/Optimal.lean:370:46: missing space in the source\n\nThis part of the code\n  'n):\n  '\nshould be written as\n  'n) : List.length'\n\n\nNote: This linter can be disabled with `set_option linter.style.whitespace false`",
   "level": "warning"},
  {"message": "VTlean/Optimal.lean:373:6: declaration uses `sorry`",
   "level": "warning"},
  {"message": "VTlean/Optimal.lean:376:6: declaration uses `sorry`",
   "level": "warning"},
  {"message": "VTlean/Optimal.lean:379:6: declaration uses `sorry`",
   "level": "warning"},
  {"message": "VTlean/Optimal.lean:382:6: declaration uses `sorry`",
   "level": "warning"},
  {"message": "VTlean/Optimal.lean:385:6: declaration uses `sorry`",
   "level": "warning"},
  {"message":
   "VTlean/Optimal.lean:385:30: extra space in the source\n\nThis part of the code\n  'Nat)  (Hk'\nshould be written as\n  'Nat) (Hk :'\n\n\nNote: This linter can be disabled with `set_option linter.style.whitespace false`",
   "level": "warning"},
  {"message": "VTlean/Optimal.lean:388:6: declaration uses `sorry`",
   "level": "warning"},
  {"message": "VTlean/Optimal.lean:391:6: declaration uses `sorry`",
   "level": "warning"},
  {"message": "VTlean/Optimal.lean:394:6: declaration uses `sorry`",
   "level": "warning"},
  {"message": "VTlean/Optimal.lean:397:6: declaration uses `sorry`",
   "level": "warning"},
  {"message": "VTlean/Optimal.lean:400:6: declaration uses `sorry`",
   "level": "warning"},
  {"message": "VTlean/Optimal.lean:403:6: declaration uses `sorry`",
   "level": "warning"},
  {"message": "VTlean/Optimal.lean:415:6: declaration uses `sorry`",
   "level": "warning"},
  {"message": "VTlean/Optimal.lean:421:6: declaration uses `sorry`",
   "level": "warning"},
  {"message": "VTlean/Optimal.lean:424:6: declaration uses `sorry`",
   "level": "warning"},
  {"message": "VTlean/Optimal.lean:427:6: declaration uses `sorry`",
   "level": "warning"},
  {"message": "VTlean/Optimal.lean:431:6: declaration uses `sorry`",
   "level": "warning"},
  {"message": "VTlean/Optimal.lean:435:6: declaration uses `sorry`",
   "level": "warning"},
  {"message": "VTlean/Optimal.lean:439:6: declaration uses `sorry`",
   "level": "warning"},
  {"message": "VTlean/Optimal.lean:443:6: declaration uses `sorry`",
   "level": "warning"},
  {"message": "VTlean/Optimal.lean:449:6: declaration uses `sorry`",
   "level": "warning"},
  {"message": "VTlean/Optimal.lean:455:6: declaration uses `sorry`",
   "level": "warning"},
  {"message": "VTlean/Optimal.lean:458:6: declaration uses `sorry`",
   "level": "warning"},
  {"message": "VTlean/Optimal.lean:461:6: declaration uses `sorry`",
   "level": "warning"},
  {"message": "VTlean/Optimal.lean:465:6: declaration uses `sorry`",
   "level": "warning"},
  {"message": "VTlean/Optimal.lean:469:6: declaration uses `sorry`",
   "level": "warning"},
  {"message": "VTlean/Optimal.lean:473:6: declaration uses `sorry`",
   "level": "warning"},
  {"message": "VTlean/Optimal.lean:477:6: declaration uses `sorry`",
   "level": "warning"},
  {"message": "VTlean/Optimal.lean:480:6: declaration uses `sorry`",
   "level": "warning"},
  {"message":
   "VTlean/Optimal.lean:480:66: missing space in the source\n\nThis part of the code\n  'n):\n  List.Vector.mkOI'\nshould be written as\n  'n) :\n '\n\n\nNote: This linter can be disabled with `set_option linter.style.whitespace false`",
   "level": "warning"},
  {"message": "VTlean/Optimal.lean:483:6: declaration uses `sorry`",
   "level": "warning"},
  {"message": "VTlean/Optimal.lean:487:6: declaration uses `sorry`",
   "level": "warning"},
  {"message":
   "VTlean/Optimal.lean:487:66: missing space in the source\n\nThis part of the code\n  'n):\n  List.Vector.mkIO'\nshould be written as\n  'n) :\n '\n\n\nNote: This linter can be disabled with `set_option linter.style.whitespace false`",
   "level": "warning"},
  {"message": "VTlean/Optimal.lean:490:6: declaration uses `sorry`",
   "level": "warning"},
  {"message": "VTlean/Optimal.lean:494:6: declaration uses `sorry`",
   "level": "warning"},
  {"message": "VTlean/Optimal.lean:497:6: declaration uses `sorry`",
   "level": "warning"},
  {"message": "VTlean/Optimal.lean:509:6: declaration uses `sorry`",
   "level": "warning"},
  {"message":
   "VTlean/Optimal.lean:509:49: missing space in the source\n\nThis part of the code\n  'n)):\n  List.Vector.replicate'\nshould be written as\n  'n)) : List.Vector.replicate'\n\n\nNote: This linter can be disabled with `set_option linter.style.whitespace false`",
   "level": "warning"},
  {"message": "VTlean/Optimal.lean:512:6: declaration uses `sorry`",
   "level": "warning"},
  {"message": "VTlean/Optimal.lean:519:6: declaration uses `sorry`",
   "level": "warning"},
  {"message":
   "VTlean/Optimal.lean:519:62: missing space in the source\n\nThis part of the code\n  'n)):\n  List.Vector.replicate'\nshould be written as\n  'n)) :\n '\n\n\nNote: This linter can be disabled with `set_option linter.style.whitespace false`",
   "level": "warning"},
  {"message": "VTlean/Optimal.lean:522:6: declaration uses `sorry`",
   "level": "warning"},
  {"message": "VTlean/Optimal.lean:526:6: declaration uses `sorry`",
   "level": "warning"},
  {"message": "VTlean/Optimal.lean:530:6: declaration uses `sorry`",
   "level": "warning"},
  {"message": "VTlean/Optimal.lean:535:6: declaration uses `sorry`",
   "level": "warning"},
  {"message": "VTlean/Optimal.lean:542:6: declaration uses `sorry`",
   "level": "warning"},
  {"message": "VTlean/Optimal.lean:545:6: declaration uses `sorry`",
   "level": "warning"},
  {"message":
   "VTlean/Optimal.lean:546:48: missing space in the source\n\nThis part of the code\n  '1):\n  X'\nshould be written as\n  '1) : X'\n\n\nNote: This linter can be disabled with `set_option linter.style.whitespace false`",
   "level": "warning"},
  {"message": "VTlean/Optimal.lean:549:6: declaration uses `sorry`",
   "level": "warning"},
  {"message":
   "VTlean/Optimal.lean:550:65: missing space in the source\n\nThis part of the code\n  'X):\n  X'\nshould be written as\n  'X) : X'\n\n\nNote: This linter can be disabled with `set_option linter.style.whitespace false`",
   "level": "warning"},
  {"message": "VTlean/Optimal.lean:553:6: declaration uses `sorry`",
   "level": "warning"},
  {"message": "VTlean/Optimal.lean:556:6: declaration uses `sorry`",
   "level": "warning"},
  {"message": "VTlean/Optimal.lean:559:6: declaration uses `sorry`",
   "level": "warning"},
  {"message": "VTlean/Optimal.lean:563:6: declaration uses `sorry`",
   "level": "warning"},
  {"message": "VTlean/Optimal.lean:567:6: declaration uses `sorry`",
   "level": "warning"},
  {"message": "VTlean/Optimal.lean:570:6: declaration uses `sorry`",
   "level": "warning"},
  {"message": "VTlean/Optimal.lean:573:6: declaration uses `sorry`",
   "level": "warning"},
  {"message": "VTlean/Optimal.lean:576:6: declaration uses `sorry`",
   "level": "warning"},
  {"message": "VTlean/Optimal.lean:581:6: declaration uses `sorry`",
   "level": "warning"},
  {"message": "VTlean/Optimal.lean:586:6: declaration uses `sorry`",
   "level": "warning"},
  {"message": "VTlean/Optimal.lean:590:6: declaration uses `sorry`",
   "level": "warning"},
  {"message": "VTlean/Optimal.lean:598:6: declaration uses `sorry`",
   "level": "warning"},
  {"message": "VTlean/Optimal.lean:604:6: declaration uses `sorry`",
   "level": "warning"},
  {"message": "VTlean/Optimal.lean:607:6: declaration uses `sorry`",
   "level": "warning"},
  {"message": "VTlean/Optimal.lean:613:6: declaration uses `sorry`",
   "level": "warning"},
  {"message": "VTlean/Optimal.lean:619:6: declaration uses `sorry`",
   "level": "warning"},
  {"message": "VTlean/Optimal.lean:622:6: declaration uses `sorry`",
   "level": "warning"},
  {"message": "VTlean/Optimal.lean:625:6: declaration uses `sorry`",
   "level": "warning"},
  {"message": "VTlean/Optimal.lean:628:6: declaration uses `sorry`",
   "level": "warning"},
  {"message":
   "VTlean/Optimal.lean:630:100: This line exceeds the 100 character limit, please shorten it!\n\nNote: This linter can be disabled with `set_option linter.style.longLine false`",
   "level": "warning"},
  {"message": "VTlean/Optimal.lean:632:6: declaration uses `sorry`",
   "level": "warning"},
  {"message":
   "VTlean/Optimal.lean:634:100: This line exceeds the 100 character limit, please shorten it!\n\nNote: This linter can be disabled with `set_option linter.style.longLine false`",
   "level": "warning"},
  {"message": "VTlean/Optimal.lean:636:6: declaration uses `sorry`",
   "level": "warning"},
  {"message": "VTlean/Optimal.lean:640:6: declaration uses `sorry`",
   "level": "warning"},
  {"message": "VTlean/Optimal.lean:644:6: declaration uses `sorry`",
   "level": "warning"},
  {"message": "VTlean/Optimal.lean:648:6: declaration uses `sorry`",
   "level": "warning"},
  {"message": "VTlean/Optimal.lean:650:6: declaration uses `sorry`",
   "level": "warning"},
  {"message": "VTlean/Optimal.lean:651:6: declaration uses `sorry`",
   "level": "warning"},
  {"message": "VTlean/Optimal.lean:654:6: declaration uses `sorry`",
   "level": "warning"},
  {"message": "VTlean/Optimal.lean:655:6: declaration uses `sorry`",
   "level": "warning"},
  {"message": "VTlean/Optimal.lean:656:6: declaration uses `sorry`",
   "level": "warning"},
  {"message": "VTlean/Optimal.lean:659:6: declaration uses `sorry`",
   "level": "warning"},
  {"message": "VTlean/Optimal.lean:660:6: declaration uses `sorry`",
   "level": "warning"},
  {"message": "VTlean/Optimal.lean:661:6: declaration uses `sorry`",
   "level": "warning"},
  {"message": "VTlean/Optimal.lean:663:6: declaration uses `sorry`",
   "level": "warning"},
  {"message": "VTlean/Optimal.lean:667:6: declaration uses `sorry`",
   "level": "warning"},
  {"message": "VTlean/Optimal.lean:672:6: declaration uses `sorry`",
   "level": "warning"},
  {"message": "VTlean/Optimal.lean:676:6: declaration uses `sorry`",
   "level": "warning"},
  {"message":
   "VTlean/Optimal.lean:676:38: missing space in the source\n\nThis part of the code\n  'n):\n  Finset.image'\nshould be written as\n  'n) : Finset.image'\n\n\nNote: This linter can be disabled with `set_option linter.style.whitespace false`",
   "level": "warning"}],
 "inputs":
 [["VTlean.Optimal:deps",
   [["deps",
     [["VTlean/VTlean:extraDep", [["@VTlean:extraDep", "00000000000006bb"]]],
      ["imports",
       [["VTlean.DelCode transitive imports (legacy)", "41167818339bbb4e"],
        ["VTlean.DelCode:importAllArts", "f9fcb988297126df"]]]]],
    ["libs",
     [["import dynlibs", "00000000000006bb"],
      ["package external libraries", "00000000000006bb"],
      ["module dynlibs", "00000000000006bb"],
      ["module plugins", "00000000000006bb"]]]]],
  ["Lean 4.29.1, commit f72c35b3f637c8c6571d353742168ab66cc22c00",
   "fa77a35a41db35c0"],
  ["/Users/austinanderson/GitHub/MyLean4Code/VTlean/VTlean/Optimal.lean",
   "bb031343c65804ff"],
  ["options",
   [["-DmaxSynthPendingDepth=3", "c78e353d34de85d4"],
    ["-Dweak.linter.mathlibStandardSet=true", "8a155799906f2b42"],
    ["-DrelaxedAutoImplicit=false", "74a2b5546b55be80"],
    ["-Dpp.unicode.fun=true", "9b94070140457fab"]]],
  ["isModule: false", "feefd2a0d3a1847e"],
  ["Module.name: VTlean.Optimal", "2a0e311968f9ad7d"],
  ["Package.id?: (some VTlean)", "75d4fb52343132bb"],
  ["Module.leanArgs: #[]", "00000000000006bb"]],
 "depHash": "cb606a59dc6ae691"}