{"synthetic": false,
 "schemaVersion": "2025-09-10",
 "outputs":
 {"o": ["9d2280eefa65717f.olean"],
  "i": "4ab8479384dfa68e.ilean",
  "c": "656cd7341f4c8c9b.c"},
 "log":
 [{"message":
   ".> LEAN_PATH=/Users/austinanderson/GitHub/MyLean4Code/VTlean/.lake/packages/Cli/.lake/build/lib/lean:/Users/austinanderson/GitHub/MyLean4Code/VTlean/.lake/packages/batteries/.lake/build/lib/lean:/Users/austinanderson/GitHub/MyLean4Code/VTlean/.lake/packages/Qq/.lake/build/lib/lean:/Users/austinanderson/GitHub/MyLean4Code/VTlean/.lake/packages/aesop/.lake/build/lib/lean:/Users/austinanderson/GitHub/MyLean4Code/VTlean/.lake/packages/proofwidgets/.lake/build/lib/lean:/Users/austinanderson/GitHub/MyLean4Code/VTlean/.lake/packages/importGraph/.lake/build/lib/lean:/Users/austinanderson/GitHub/MyLean4Code/VTlean/.lake/packages/LeanSearchClient/.lake/build/lib/lean:/Users/austinanderson/GitHub/MyLean4Code/VTlean/.lake/packages/plausible/.lake/build/lib/lean:/Users/austinanderson/GitHub/MyLean4Code/VTlean/.lake/packages/mathlib/.lake/build/lib/lean:/Users/austinanderson/GitHub/MyLean4Code/VTlean/.lake/build/lib/lean /Users/austinanderson/.elan/toolchains/leanprover--lean4---v4.29.1/bin/lean /Users/austinanderson/GitHub/MyLean4Code/VTlean/VTlean/Progressive.lean -o /Users/austinanderson/GitHub/MyLean4Code/VTlean/.lake/build/lib/lean/VTlean/Progressive.olean -i /Users/austinanderson/GitHub/MyLean4Code/VTlean/.lake/build/lib/lean/VTlean/Progressive.ilean -c /Users/austinanderson/GitHub/MyLean4Code/VTlean/.lake/build/ir/VTlean/Progressive.c --setup /Users/austinanderson/GitHub/MyLean4Code/VTlean/.lake/build/ir/VTlean/Progressive.setup.json --json",
   "level": "trace"},
  {"message":
   "VTlean/Progressive.lean:41:100: This line exceeds the 100 character limit, please shorten it!\n\nNote: This linter can be disabled with `set_option linter.style.longLine false`",
   "level": "warning"}],
 "inputs":
 [["VTlean.Progressive:deps",
   [["deps",
     [["VTlean/VTlean:extraDep", [["@VTlean:extraDep", "00000000000006bb"]]],
      ["imports",
       [["VTlean.B transitive imports (legacy)", "a71f54a5960e0c46"],
        ["VTlean.B:importAllArts", "31504c077e29bbbf"],
        ["VTlean.InsDel transitive imports (legacy)", "6f70bda0d3abdbb0"],
        ["VTlean.InsDel:importAllArts", "b2933e2e4d2fa56f"],
        ["VTlean.DelCode transitive imports (legacy)", "fa81a26ce8a103d0"],
        ["VTlean.DelCode:importAllArts", "d98e0f91d47d0e2c"],
        ["VTlean.VTCode transitive imports (legacy)", "8859d14acef156ed"],
        ["VTlean.VTCode:importAllArts", "45f87c7bea3bef99"],
        ["VTlean.FractalSlice transitive imports (legacy)", "e4fd8ef972dff0ed"],
        ["VTlean.FractalSlice:importAllArts", "99a0445ded14cc3e"],
        ["VTlean.Networkx transitive imports (legacy)", "aae8a718ab9eb793"],
        ["VTlean.Networkx:importAllArts", "2e421c84af1dd2eb"]]]]],
    ["libs",
     [["import dynlibs", "00000000000006bb"],
      ["package external libraries", "00000000000006bb"],
      ["module dynlibs", "00000000000006bb"],
      ["module plugins", "00000000000006bb"]]]]],
  ["Lean 4.29.1, commit f72c35b3f637c8c6571d353742168ab66cc22c00",
   "fa77a35a41db35c0"],
  ["/Users/austinanderson/GitHub/MyLean4Code/VTlean/VTlean/Progressive.lean",
   "b38ebf0e7f35ef87"],
  ["options",
   [["-DmaxSynthPendingDepth=3", "c78e353d34de85d4"],
    ["-Dweak.linter.mathlibStandardSet=true", "8a155799906f2b42"],
    ["-DrelaxedAutoImplicit=false", "74a2b5546b55be80"],
    ["-Dpp.unicode.fun=true", "9b94070140457fab"]]],
  ["isModule: false", "feefd2a0d3a1847e"],
  ["Module.name: VTlean.Progressive", "b7d999ced0a92618"],
  ["Package.id?: (some VTlean)", "75d4fb52343132bb"],
  ["Module.leanArgs: #[]", "00000000000006bb"]],
 "depHash": "ca65a95c190b35da"}