{"synthetic": false,
 "schemaVersion": "2025-09-10",
 "outputs":
 {"o": ["2afc78bdc538b733.olean"],
  "i": "d74c06819d02e801.ilean",
  "c": "4f7d5a1e8f60ae94.c"},
 "log":
 [{"message":
   ".> LEAN_PATH=/Users/austinanderson/GitHub/MyLean4Code/VTlean/.lake/packages/Cli/.lake/build/lib/lean:/Users/austinanderson/GitHub/MyLean4Code/VTlean/.lake/packages/batteries/.lake/build/lib/lean:/Users/austinanderson/GitHub/MyLean4Code/VTlean/.lake/packages/Qq/.lake/build/lib/lean:/Users/austinanderson/GitHub/MyLean4Code/VTlean/.lake/packages/aesop/.lake/build/lib/lean:/Users/austinanderson/GitHub/MyLean4Code/VTlean/.lake/packages/proofwidgets/.lake/build/lib/lean:/Users/austinanderson/GitHub/MyLean4Code/VTlean/.lake/packages/importGraph/.lake/build/lib/lean:/Users/austinanderson/GitHub/MyLean4Code/VTlean/.lake/packages/LeanSearchClient/.lake/build/lib/lean:/Users/austinanderson/GitHub/MyLean4Code/VTlean/.lake/packages/plausible/.lake/build/lib/lean:/Users/austinanderson/GitHub/MyLean4Code/VTlean/.lake/packages/mathlib/.lake/build/lib/lean:/Users/austinanderson/GitHub/MyLean4Code/VTlean/.lake/build/lib/lean /Users/austinanderson/.elan/toolchains/leanprover--lean4---v4.29.1/bin/lean /Users/austinanderson/GitHub/MyLean4Code/VTlean/VTlean/scratch_moment.lean -o /Users/austinanderson/GitHub/MyLean4Code/VTlean/.lake/build/lib/lean/VTlean/scratch_moment.olean -i /Users/austinanderson/GitHub/MyLean4Code/VTlean/.lake/build/lib/lean/VTlean/scratch_moment.ilean -c /Users/austinanderson/GitHub/MyLean4Code/VTlean/.lake/build/ir/VTlean/scratch_moment.c --setup /Users/austinanderson/GitHub/MyLean4Code/VTlean/.lake/build/ir/VTlean/scratch_moment.setup.json --json",
   "level": "trace"},
  {"message":
   "VTlean/scratch_moment.lean:93:100: This line exceeds the 100 character limit, please shorten it!\n\nNote: This linter can be disabled with `set_option linter.style.longLine false`",
   "level": "warning"},
  {"message":
   "VTlean/scratch_moment.lean:160:100: This line exceeds the 100 character limit, please shorten it!\n\nNote: This linter can be disabled with `set_option linter.style.longLine false`",
   "level": "warning"}],
 "inputs":
 [["VTlean.scratch_moment:deps",
   [["deps",
     [["VTlean/VTlean:extraDep", [["@VTlean:extraDep", "00000000000006bb"]]],
      ["imports",
       [["VTlean.B transitive imports (legacy)", "416edac6ab7889ca"],
        ["VTlean.B:importAllArts", "31504c077e29bbbf"],
        ["VTlean.InsDel transitive imports (legacy)", "dee97a4c7aab712b"],
        ["VTlean.InsDel:importAllArts", "b2933e2e4d2fa56f"],
        ["VTlean.DelCode transitive imports (legacy)", "9fec8551c4006b6f"],
        ["VTlean.DelCode:importAllArts", "d98e0f91d47d0e2c"],
        ["VTlean.VTCode transitive imports (legacy)", "968f05b1c85a7aef"],
        ["VTlean.VTCode:importAllArts", "c87f611f058c5a0d"],
        ["Mathlib transitive imports (legacy)", "bf567ce5aae7f8c3"],
        ["Mathlib:importAllArts", "1f979cbc8a135c61"]]]]],
    ["libs",
     [["import dynlibs", "00000000000006bb"],
      ["package external libraries", "00000000000006bb"],
      ["module dynlibs", "00000000000006bb"],
      ["module plugins", "00000000000006bb"]]]]],
  ["Lean 4.29.1, commit f72c35b3f637c8c6571d353742168ab66cc22c00",
   "fa77a35a41db35c0"],
  ["/Users/austinanderson/GitHub/MyLean4Code/VTlean/VTlean/scratch_moment.lean",
   "db6362c0708417c7"],
  ["options",
   [["-DmaxSynthPendingDepth=3", "c78e353d34de85d4"],
    ["-Dweak.linter.mathlibStandardSet=true", "8a155799906f2b42"],
    ["-DrelaxedAutoImplicit=false", "74a2b5546b55be80"],
    ["-Dpp.unicode.fun=true", "9b94070140457fab"]]],
  ["isModule: false", "feefd2a0d3a1847e"],
  ["Module.name: VTlean.scratch_moment", "c87aa6040885230e"],
  ["Package.id?: (some VTlean)", "75d4fb52343132bb"],
  ["Module.leanArgs: #[]", "00000000000006bb"]],
 "depHash": "65e67160b8c26a74"}