{"synthetic": false,
 "schemaVersion": "2025-09-10",
 "outputs":
 {"o": ["57fbfaace876a72d.olean"],
  "i": "dad59751041a40bd.ilean",
  "c": "448599ba40e8d651.c"},
 "log":
 [{"message":
   ".> LEAN_PATH=/Users/austinanderson/GitHub/MyLean4Code/VTlean/.lake/packages/Cli/.lake/build/lib/lean:/Users/austinanderson/GitHub/MyLean4Code/VTlean/.lake/packages/batteries/.lake/build/lib/lean:/Users/austinanderson/GitHub/MyLean4Code/VTlean/.lake/packages/Qq/.lake/build/lib/lean:/Users/austinanderson/GitHub/MyLean4Code/VTlean/.lake/packages/aesop/.lake/build/lib/lean:/Users/austinanderson/GitHub/MyLean4Code/VTlean/.lake/packages/proofwidgets/.lake/build/lib/lean:/Users/austinanderson/GitHub/MyLean4Code/VTlean/.lake/packages/importGraph/.lake/build/lib/lean:/Users/austinanderson/GitHub/MyLean4Code/VTlean/.lake/packages/LeanSearchClient/.lake/build/lib/lean:/Users/austinanderson/GitHub/MyLean4Code/VTlean/.lake/packages/plausible/.lake/build/lib/lean:/Users/austinanderson/GitHub/MyLean4Code/VTlean/.lake/packages/mathlib/.lake/build/lib/lean:/Users/austinanderson/GitHub/MyLean4Code/VTlean/.lake/build/lib/lean /Users/austinanderson/.elan/toolchains/leanprover--lean4---v4.29.1/bin/lean /Users/austinanderson/GitHub/MyLean4Code/VTlean/VTlean/VTCode.lean -o /Users/austinanderson/GitHub/MyLean4Code/VTlean/.lake/build/lib/lean/VTlean/VTCode.olean -i /Users/austinanderson/GitHub/MyLean4Code/VTlean/.lake/build/lib/lean/VTlean/VTCode.ilean -c /Users/austinanderson/GitHub/MyLean4Code/VTlean/.lake/build/ir/VTlean/VTCode.c --setup /Users/austinanderson/GitHub/MyLean4Code/VTlean/.lake/build/ir/VTlean/VTCode.setup.json --json",
   "level": "trace"},
  {"message":
   "VTlean/VTCode.lean:79:100: This line exceeds the 100 character limit, please shorten it!\n\nNote: This linter can be disabled with `set_option linter.style.longLine false`",
   "level": "warning"},
  {"message":
   "VTlean/VTCode.lean:83:100: This line exceeds the 100 character limit, please shorten it!\n\nNote: This linter can be disabled with `set_option linter.style.longLine false`",
   "level": "warning"},
  {"message":
   "VTlean/VTCode.lean:252:4: 'change 0 = 0 + num_Is (List.drop i [])' tactic does nothing\n\nNote: This linter can be disabled with `set_option linter.unusedTactic false`",
   "level": "warning"},
  {"message":
   "VTlean/VTCode.lean:296:100: This line exceeds the 100 character limit, please shorten it!\n\nNote: This linter can be disabled with `set_option linter.style.longLine false`",
   "level": "warning"},
  {"message":
   "VTlean/VTCode.lean:304:100: This line exceeds the 100 character limit, please shorten it!\n\nNote: This linter can be disabled with `set_option linter.style.longLine false`",
   "level": "warning"},
  {"message":
   "VTlean/VTCode.lean:311:100: This line exceeds the 100 character limit, please shorten it!\n\nNote: This linter can be disabled with `set_option linter.style.longLine false`",
   "level": "warning"},
  {"message":
   "VTlean/VTCode.lean:318:100: This line exceeds the 100 character limit, please shorten it!\n\nNote: This linter can be disabled with `set_option linter.style.longLine false`",
   "level": "warning"},
  {"message":
   "VTlean/VTCode.lean:315:32: remove line break in the source\n\nThis part of the code\n  'moment_sub_sDel_of_sDel_O \n  (H'\nshould be written as\n  'moment_sub_sDel_of_sDel_O (H :'\n\n\nNote: This linter can be disabled with `set_option linter.style.whitespace false`",
   "level": "warning"},
  {"message":
   "VTlean/VTCode.lean:327:100: This line exceeds the 100 character limit, please shorten it!\n\nNote: This linter can be disabled with `set_option linter.style.longLine false`",
   "level": "warning"},
  {"message":
   "VTlean/VTCode.lean:328:100: This line exceeds the 100 character limit, please shorten it!\n\nNote: This linter can be disabled with `set_option linter.style.longLine false`",
   "level": "warning"},
  {"message":
   "VTlean/VTCode.lean:324:32: remove line break in the source\n\nThis part of the code\n  'moment_sub_sDel_of_sDel_I \n  (H'\nshould be written as\n  'moment_sub_sDel_of_sDel_I (H :'\n\n\nNote: This linter can be disabled with `set_option linter.style.whitespace false`",
   "level": "warning"},
  {"message":
   "VTlean/VTCode.lean:380:100: This line exceeds the 100 character limit, please shorten it!\n\nNote: This linter can be disabled with `set_option linter.style.longLine false`",
   "level": "warning"},
  {"message":
   "VTlean/VTCode.lean:387:100: This line exceeds the 100 character limit, please shorten it!\n\nNote: This linter can be disabled with `set_option linter.style.longLine false`",
   "level": "warning"},
  {"message":
   "VTlean/VTCode.lean:408:100: This line exceeds the 100 character limit, please shorten it!\n\nNote: This linter can be disabled with `set_option linter.style.longLine false`",
   "level": "warning"},
  {"message":
   "VTlean/VTCode.lean:412:100: This line exceeds the 100 character limit, please shorten it!\n\nNote: This linter can be disabled with `set_option linter.style.longLine false`",
   "level": "warning"},
  {"message":
   "VTlean/VTCode.lean:413:100: This line exceeds the 100 character limit, please shorten it!\n\nNote: This linter can be disabled with `set_option linter.style.longLine false`",
   "level": "warning"},
  {"message":
   "VTlean/VTCode.lean:429:100: This line exceeds the 100 character limit, please shorten it!\n\nNote: This linter can be disabled with `set_option linter.style.longLine false`",
   "level": "warning"},
  {"message": "VTlean/VTCode.lean:489:6: declaration uses `sorry`",
   "level": "warning"},
  {"message":
   "VTlean/VTCode.lean:489:32: remove line break in the source\n\nThis part of the code\n  'moment_sub_sDel_of_sDel_O \n  (X'\nshould be written as\n  'moment_sub_sDel_of_sDel_O (X :'\n\n\nNote: This linter can be disabled with `set_option linter.style.whitespace false`",
   "level": "warning"},
  {"message": "VTlean/VTCode.lean:496:6: declaration uses `sorry`",
   "level": "warning"},
  {"message":
   "VTlean/VTCode.lean:496:32: remove line break in the source\n\nThis part of the code\n  'moment_sub_sDel_of_sDel_I \n  (X'\nshould be written as\n  'moment_sub_sDel_of_sDel_I (X :'\n\n\nNote: This linter can be disabled with `set_option linter.style.whitespace false`",
   "level": "warning"},
  {"message": "VTlean/VTCode.lean:504:6: declaration uses `sorry`",
   "level": "warning"},
  {"message": "VTlean/VTCode.lean:509:6: declaration uses `sorry`",
   "level": "warning"},
  {"message": "VTlean/VTCode.lean:516:6: declaration uses `sorry`",
   "level": "warning"},
  {"message": "VTlean/VTCode.lean:536:4: declaration uses `sorry`",
   "level": "warning"},
  {"message": "VTlean/VTCode.lean:538:6: declaration uses `sorry`",
   "level": "warning"},
  {"message": "VTlean/VTCode.lean:543:6: declaration uses `sorry`",
   "level": "warning"},
  {"message": "VTlean/VTCode.lean:548:6: declaration uses `sorry`",
   "level": "warning"},
  {"message": "VTlean/VTCode.lean:553:6: declaration uses `sorry`",
   "level": "warning"},
  {"message": "VTlean/VTCode.lean:558:6: declaration uses `sorry`",
   "level": "warning"},
  {"message":
   "VTlean/VTCode.lean:558:48: extra space in the source\n\nThis part of the code\n  'm  ≤ a)'\nshould be written as\n  'm ≤ a)'\n\n\nNote: This linter can be disabled with `set_option linter.style.whitespace false`",
   "level": "warning"},
  {"message": "VTlean/VTCode.lean:563:6: declaration uses `sorry`",
   "level": "warning"},
  {"message": "VTlean/VTCode.lean:568:6: declaration uses `sorry`",
   "level": "warning"},
  {"message":
   "VTlean/VTCode.lean:569:47: remove line break in the source\n\nThis part of the code\n  'n) \n  (H'\nshould be written as\n  'n) (H :'\n\n\nNote: This linter can be disabled with `set_option linter.style.whitespace false`",
   "level": "warning"},
  {"message": "VTlean/VTCode.lean:575:6: declaration uses `sorry`",
   "level": "warning"},
  {"message":
   "VTlean/VTCode.lean:576:49: remove line break in the source\n\nThis part of the code\n  'X) \n   '\nshould be written as\n  'X) (HXn'\n\n\nNote: This linter can be disabled with `set_option linter.style.whitespace false`",
   "level": "warning"},
  {"message":
   "VTlean/VTCode.lean:577:68: remove line break in the source\n\nThis part of the code\n  '1)) \n   '\nshould be written as\n  '1)) (i :'\n\n\nNote: This linter can be disabled with `set_option linter.style.whitespace false`",
   "level": "warning"},
  {"message": "VTlean/VTCode.lean:583:6: declaration uses `sorry`",
   "level": "warning"},
  {"message":
   "VTlean/VTCode.lean:584:49: remove line break in the source\n\nThis part of the code\n  'X) \n   '\nshould be written as\n  'X) (HXn'\n\n\nNote: This linter can be disabled with `set_option linter.style.whitespace false`",
   "level": "warning"},
  {"message":
   "VTlean/VTCode.lean:585:68: remove line break in the source\n\nThis part of the code\n  '1)) \n   '\nshould be written as\n  '1)) (i :'\n\n\nNote: This linter can be disabled with `set_option linter.style.whitespace false`",
   "level": "warning"},
  {"message": "VTlean/VTCode.lean:591:6: declaration uses `sorry`",
   "level": "warning"},
  {"message":
   "VTlean/VTCode.lean:592:49: remove line break in the source\n\nThis part of the code\n  'X) \n   '\nshould be written as\n  'X) (HXn'\n\n\nNote: This linter can be disabled with `set_option linter.style.whitespace false`",
   "level": "warning"},
  {"message":
   "VTlean/VTCode.lean:593:68: remove line break in the source\n\nThis part of the code\n  '1)) \n   '\nshould be written as\n  '1)) (i :'\n\n\nNote: This linter can be disabled with `set_option linter.style.whitespace false`",
   "level": "warning"},
  {"message":
   "VTlean/VTCode.lean:594:73: extra space in the source\n\nThis part of the code\n  'i)))   :\n '\nshould be written as\n  'i))) :\n  '\n\n\nNote: This linter can be disabled with `set_option linter.style.whitespace false`",
   "level": "warning"},
  {"message": "VTlean/VTCode.lean:599:6: declaration uses `sorry`",
   "level": "warning"},
  {"message":
   "VTlean/VTCode.lean:600:49: remove line break in the source\n\nThis part of the code\n  'X) \n   '\nshould be written as\n  'X) (HXn'\n\n\nNote: This linter can be disabled with `set_option linter.style.whitespace false`",
   "level": "warning"},
  {"message":
   "VTlean/VTCode.lean:601:68: remove line break in the source\n\nThis part of the code\n  '1)) \n   '\nshould be written as\n  '1)) (i :'\n\n\nNote: This linter can be disabled with `set_option linter.style.whitespace false`",
   "level": "warning"},
  {"message":
   "VTlean/VTCode.lean:602:75: extra space in the source\n\nThis part of the code\n  'i)))   :\n '\nshould be written as\n  'i))) :\n  '\n\n\nNote: This linter can be disabled with `set_option linter.style.whitespace false`",
   "level": "warning"},
  {"message":
   "VTlean/VTCode.lean:609:2: unused variable `x`\n\nNote: This linter can be disabled with `set_option linter.unusedVariables false`",
   "level": "warning"},
  {"message":
   "VTlean/VTCode.lean:609:5: unused variable `X`\n\nNote: This linter can be disabled with `set_option linter.unusedVariables false`",
   "level": "warning"},
  {"message": "VTlean/VTCode.lean:613:6: declaration uses `sorry`",
   "level": "warning"},
  {"message": "VTlean/VTCode.lean:616:6: declaration uses `sorry`",
   "level": "warning"},
  {"message":
   "VTlean/VTCode.lean:616:51: remove line break in the source\n\nThis part of the code\n  'Nat) \n  (H'\nshould be written as\n  'Nat) (H :'\n\n\nNote: This linter can be disabled with `set_option linter.style.whitespace false`",
   "level": "warning"},
  {"message": "VTlean/VTCode.lean:622:6: declaration uses `sorry`",
   "level": "warning"},
  {"message":
   "VTlean/VTCode.lean:622:49: extra space in the source\n\nThis part of the code\n  'Nat)  \n  (H'\nshould be written as\n  'Nat) (H :'\n\n\nNote: This linter can be disabled with `set_option linter.style.whitespace false`",
   "level": "warning"},
  {"message":
   "VTlean/VTCode.lean:622:50: remove line break in the source\n\nThis part of the code\n  ' \n  (H'\nshould be written as\n  'Nat) (H :'\n\n\nNote: This linter can be disabled with `set_option linter.style.whitespace false`",
   "level": "warning"},
  {"message": "VTlean/VTCode.lean:628:4: declaration uses `sorry`",
   "level": "warning"},
  {"message": "VTlean/VTCode.lean:630:6: declaration uses `sorry`",
   "level": "warning"},
  {"message": "VTlean/VTCode.lean:635:6: declaration uses `sorry`",
   "level": "warning"},
  {"message":
   "VTlean/VTCode.lean:635:51: remove line break in the source\n\nThis part of the code\n  'Nat) \n  (H'\nshould be written as\n  'Nat) (H :'\n\n\nNote: This linter can be disabled with `set_option linter.style.whitespace false`",
   "level": "warning"},
  {"message": "VTlean/VTCode.lean:641:6: declaration uses `sorry`",
   "level": "warning"},
  {"message":
   "VTlean/VTCode.lean:641:49: remove line break in the source\n\nThis part of the code\n  'Nat) \n  (H'\nshould be written as\n  'Nat) (H :'\n\n\nNote: This linter can be disabled with `set_option linter.style.whitespace false`",
   "level": "warning"},
  {"message": "VTlean/VTCode.lean:647:4: declaration uses `sorry`",
   "level": "warning"},
  {"message": "VTlean/VTCode.lean:649:6: declaration uses `sorry`",
   "level": "warning"},
  {"message":
   "VTlean/VTCode.lean:649:26: remove line break in the source\n\nThis part of the code\n  'length_decoding_alg \n  (n'\nshould be written as\n  'length_decoding_alg (n a'\n\n\nNote: This linter can be disabled with `set_option linter.style.whitespace false`",
   "level": "warning"},
  {"message": "VTlean/VTCode.lean:655:6: declaration uses `sorry`",
   "level": "warning"},
  {"message":
   "VTlean/VTCode.lean:656:49: remove line break in the source\n\nThis part of the code\n  'X) \n   '\nshould be written as\n  'X) (HXn'\n\n\nNote: This linter can be disabled with `set_option linter.style.whitespace false`",
   "level": "warning"},
  {"message":
   "VTlean/VTCode.lean:657:68: remove line break in the source\n\nThis part of the code\n  '1)) \n   '\nshould be written as\n  '1)) (i :'\n\n\nNote: This linter can be disabled with `set_option linter.style.whitespace false`",
   "level": "warning"},
  {"message": "VTlean/VTCode.lean:663:6: declaration uses `sorry`",
   "level": "warning"},
  {"message":
   "VTlean/VTCode.lean:664:49: remove line break in the source\n\nThis part of the code\n  'X) \n   '\nshould be written as\n  'X) (HXn'\n\n\nNote: This linter can be disabled with `set_option linter.style.whitespace false`",
   "level": "warning"},
  {"message":
   "VTlean/VTCode.lean:665:68: remove line break in the source\n\nThis part of the code\n  '1)) \n   '\nshould be written as\n  '1)) (i :'\n\n\nNote: This linter can be disabled with `set_option linter.style.whitespace false`",
   "level": "warning"},
  {"message": "VTlean/VTCode.lean:671:6: declaration uses `sorry`",
   "level": "warning"},
  {"message":
   "VTlean/VTCode.lean:672:27: remove line break in the source\n\nThis part of the code\n  'B} \n  (HXn'\nshould be written as\n  'B} (HXn'\n\n\nNote: This linter can be disabled with `set_option linter.style.whitespace false`",
   "level": "warning"},
  {"message": "VTlean/VTCode.lean:682:4: declaration uses `sorry`",
   "level": "warning"},
  {"message": "VTlean/VTCode.lean:684:6: declaration uses `sorry`",
   "level": "warning"},
  {"message": "VTlean/VTCode.lean:689:6: declaration uses `sorry`",
   "level": "warning"},
  {"message": "VTlean/VTCode.lean:694:6: declaration uses `sorry`",
   "level": "warning"},
  {"message": "VTlean/VTCode.lean:699:6: declaration uses `sorry`",
   "level": "warning"},
  {"message": "VTlean/VTCode.lean:704:6: declaration uses `sorry`",
   "level": "warning"},
  {"message": "VTlean/VTCode.lean:709:6: declaration uses `sorry`",
   "level": "warning"},
  {"message": "VTlean/VTCode.lean:714:6: declaration uses `sorry`",
   "level": "warning"},
  {"message": "VTlean/VTCode.lean:720:6: declaration uses `sorry`",
   "level": "warning"},
  {"message":
   "VTlean/VTCode.lean:721:70: remove line break in the source\n\nThis part of the code\n  'a) \n  (i'\nshould be written as\n  'a) (i :'\n\n\nNote: This linter can be disabled with `set_option linter.style.whitespace false`",
   "level": "warning"},
  {"message": "VTlean/VTCode.lean:727:6: declaration uses `sorry`",
   "level": "warning"},
  {"message":
   "VTlean/VTCode.lean:728:70: remove line break in the source\n\nThis part of the code\n  'a) \n  (i'\nshould be written as\n  'a) (i :'\n\n\nNote: This linter can be disabled with `set_option linter.style.whitespace false`",
   "level": "warning"},
  {"message": "VTlean/VTCode.lean:734:6: declaration uses `sorry`",
   "level": "warning"},
  {"message":
   "VTlean/VTCode.lean:735:70: remove line break in the source\n\nThis part of the code\n  'a) \n  (i'\nshould be written as\n  'a) (i :'\n\n\nNote: This linter can be disabled with `set_option linter.style.whitespace false`",
   "level": "warning"},
  {"message":
   "VTlean/VTCode.lean:736:67: extra space in the source\n\nThis part of the code\n  'i)))  :\n '\nshould be written as\n  'i))) : sIns'\n\n\nNote: This linter can be disabled with `set_option linter.style.whitespace false`",
   "level": "warning"},
  {"message": "VTlean/VTCode.lean:741:6: declaration uses `sorry`",
   "level": "warning"},
  {"message":
   "VTlean/VTCode.lean:742:70: remove line break in the source\n\nThis part of the code\n  'a) \n  (i'\nshould be written as\n  'a) (i :'\n\n\nNote: This linter can be disabled with `set_option linter.style.whitespace false`",
   "level": "warning"},
  {"message":
   "VTlean/VTCode.lean:743:69: extra space in the source\n\nThis part of the code\n  'i)))  :\n '\nshould be written as\n  'i))) : sIns'\n\n\nNote: This linter can be disabled with `set_option linter.style.whitespace false`",
   "level": "warning"},
  {"message": "VTlean/VTCode.lean:748:4: declaration uses `sorry`",
   "level": "warning"},
  {"message": "VTlean/VTCode.lean:750:6: declaration uses `sorry`",
   "level": "warning"},
  {"message": "VTlean/VTCode.lean:755:6: declaration uses `sorry`",
   "level": "warning"},
  {"message": "VTlean/VTCode.lean:760:4: declaration uses `sorry`",
   "level": "warning"},
  {"message": "VTlean/VTCode.lean:762:6: declaration uses `sorry`",
   "level": "warning"},
  {"message": "VTlean/VTCode.lean:767:6: declaration uses `sorry`",
   "level": "warning"},
  {"message": "VTlean/VTCode.lean:772:6: declaration uses `sorry`",
   "level": "warning"},
  {"message": "VTlean/VTCode.lean:777:4: declaration uses `sorry`",
   "level": "warning"},
  {"message": "VTlean/VTCode.lean:779:6: declaration uses `sorry`",
   "level": "warning"},
  {"message": "VTlean/VTCode.lean:784:6: declaration uses `sorry`",
   "level": "warning"},
  {"message": "VTlean/VTCode.lean:790:6: declaration uses `sorry`",
   "level": "warning"},
  {"message":
   "VTlean/VTCode.lean:791:72: remove line break in the source\n\nThis part of the code\n  'a) \n   '\nshould be written as\n  'a) (i :'\n\n\nNote: This linter can be disabled with `set_option linter.style.whitespace false`",
   "level": "warning"},
  {"message": "VTlean/VTCode.lean:797:6: declaration uses `sorry`",
   "level": "warning"},
  {"message":
   "VTlean/VTCode.lean:798:72: remove line break in the source\n\nThis part of the code\n  'a) \n   '\nshould be written as\n  'a) (i :'\n\n\nNote: This linter can be disabled with `set_option linter.style.whitespace false`",
   "level": "warning"},
  {"message": "VTlean/VTCode.lean:804:8: declaration uses `sorry`",
   "level": "warning"},
  {"message":
   "VTlean/VTCode.lean:805:36: remove line break in the source\n\nThis part of the code\n  'n} \n  (Hc'\nshould be written as\n  'n} (Hc :'\n\n\nNote: This linter can be disabled with `set_option linter.style.whitespace false`",
   "level": "warning"},
  {"message": "VTlean/VTCode.lean:813:4: declaration uses `sorry`",
   "level": "warning"},
  {"message": "VTlean/VTCode.lean:815:6: declaration uses `sorry`",
   "level": "warning"},
  {"message": "VTlean/VTCode.lean:820:8: declaration uses `sorry`",
   "level": "warning"}],
 "inputs":
 [["VTlean.VTCode:deps",
   [["deps",
     [["VTlean/VTlean:extraDep", [["@VTlean:extraDep", "00000000000006bb"]]],
      ["imports",
       [["VTlean.NumOsNumIs transitive imports (legacy)", "dd09be30f3fc2da1"],
        ["VTlean.NumOsNumIs:importAllArts", "c8f11f832a043496"],
        ["VTlean.InsDel transitive imports (legacy)", "dee97a4c7aab712b"],
        ["VTlean.InsDel:importAllArts", "b2933e2e4d2fa56f"],
        ["Mathlib transitive imports (legacy)", "bf567ce5aae7f8c3"],
        ["Mathlib:importAllArts", "1f979cbc8a135c61"],
        ["VTlean.DelCode transitive imports (legacy)", "18d6993812f87413"],
        ["VTlean.DelCode:importAllArts", "802227a548ca5127"]]]]],
    ["libs",
     [["import dynlibs", "00000000000006bb"],
      ["package external libraries", "00000000000006bb"],
      ["module dynlibs", "00000000000006bb"],
      ["module plugins", "00000000000006bb"]]]]],
  ["Lean 4.29.1, commit f72c35b3f637c8c6571d353742168ab66cc22c00",
   "fa77a35a41db35c0"],
  ["/Users/austinanderson/GitHub/MyLean4Code/VTlean/VTlean/VTCode.lean",
   "efa20a46a313846a"],
  ["options",
   [["-DmaxSynthPendingDepth=3", "c78e353d34de85d4"],
    ["-Dweak.linter.mathlibStandardSet=true", "8a155799906f2b42"],
    ["-DrelaxedAutoImplicit=false", "74a2b5546b55be80"],
    ["-Dpp.unicode.fun=true", "9b94070140457fab"]]],
  ["isModule: false", "feefd2a0d3a1847e"],
  ["Module.name: VTlean.VTCode", "de6ab2a12d6f6b90"],
  ["Package.id?: (some VTlean)", "75d4fb52343132bb"],
  ["Module.leanArgs: #[]", "00000000000006bb"]],
 "depHash": "c228f9b99f563ea6"}